<?xml version="1.0" encoding="UTF-8"?>
<testng-results ignored="0" total="22" passed="20" failed="1" skipped="1">
  <reporter-output>
  </reporter-output>
  <suite started-at="2023-10-05T01:09:11 PDT" name="Rediff Hybrid Practice Automation Suite" finished-at="2023-10-05T01:11:58 PDT" duration-ms="166533">
    <groups>
    </groups>
    <test started-at="2023-10-05T01:09:11 PDT" name="Rediff Hybrid Practice Testcases" finished-at="2023-10-05T01:11:58 PDT" duration-ms="166533">
      <class name="com.qa.hybridpractice.testcases.HybridPractice_HomeTest">
        <test-method is-config="true" signature="setUp()[pri:0, instance:com.qa.hybridpractice.testcases.HybridPractice_HomeTest@73a1e9a9]" started-at="2023-10-05T01:11:34 PDT" name="setUp" finished-at="2023-10-05T01:11:45 PDT" duration-ms="10501" status="FAIL">
          <exception class="org.openqa.selenium.ElementClickInterceptedException">
            <message>
              <![CDATA[element click intercepted: Element <a onclick="javascript:void(0)" class="rd_logout">...</a> is not clickable at point (1561, 28). Other element would receive the click: <div id="sright2div" style="text-align:center;width:160px;overflow:hidden; background:#fff; height:calc(100vh - 20px)">...</div>
  (Session info: chrome=117.0.5938.149)
Build info: version: '4.13.0', revision: 'ba948ece5b*'
System info: os.name: 'Windows 11', os.arch: 'amd64', os.version: '10.0', java.version: '17.0.7'
Driver info: org.openqa.selenium.chrome.ChromeDriver
Command: [1d653b1ab558b4f87518e6037f7abd54, clickElement {id=9163050F7A61025FC24C43F56C2B42B0_element_129}]
Capabilities {acceptInsecureCerts: false, browserName: chrome, browserVersion: 117.0.5938.149, chrome: {chromedriverVersion: 117.0.5938.149 (e3344ddefa1..., userDataDir: C:\Users\chowd\AppData\Loca...}, fedcm:accounts: true, goog:chromeOptions: {debuggerAddress: localhost:57360}, networkConnectionEnabled: false, pageLoadStrategy: eager, platformName: windows, proxy: Proxy(), se:cdp: ws://localhost:57360/devtoo..., se:cdpVersion: 117.0.5938.149, setWindowRect: true, strictFileInteractability: false, timeouts: {implicit: 0, pageLoad: 300000, script: 30000}, unhandledPromptBehavior: dismiss and notify, webauthn:extension:credBlob: true, webauthn:extension:largeBlob: true, webauthn:extension:minPinLength: true, webauthn:extension:prf: true, webauthn:virtualAuthenticators: true}
Element: [[ChromeDriver: chrome on windows (1d653b1ab558b4f87518e6037f7abd54)] -> class name: rd_logout]
Session ID: 1d653b1ab558b4f87518e6037f7abd54]]>
            </message>
            <full-stacktrace>
              <![CDATA[org.openqa.selenium.ElementClickInterceptedException: element click intercepted: Element <a onclick="javascript:void(0)" class="rd_logout">...</a> is not clickable at point (1561, 28). Other element would receive the click: <div id="sright2div" style="text-align:center;width:160px;overflow:hidden; background:#fff; height:calc(100vh - 20px)">...</div>
  (Session info: chrome=117.0.5938.149)
Build info: version: '4.13.0', revision: 'ba948ece5b*'
System info: os.name: 'Windows 11', os.arch: 'amd64', os.version: '10.0', java.version: '17.0.7'
Driver info: org.openqa.selenium.chrome.ChromeDriver
Command: [1d653b1ab558b4f87518e6037f7abd54, clickElement {id=9163050F7A61025FC24C43F56C2B42B0_element_129}]
Capabilities {acceptInsecureCerts: false, browserName: chrome, browserVersion: 117.0.5938.149, chrome: {chromedriverVersion: 117.0.5938.149 (e3344ddefa1..., userDataDir: C:\Users\chowd\AppData\Loca...}, fedcm:accounts: true, goog:chromeOptions: {debuggerAddress: localhost:57360}, networkConnectionEnabled: false, pageLoadStrategy: eager, platformName: windows, proxy: Proxy(), se:cdp: ws://localhost:57360/devtoo..., se:cdpVersion: 117.0.5938.149, setWindowRect: true, strictFileInteractability: false, timeouts: {implicit: 0, pageLoad: 300000, script: 30000}, unhandledPromptBehavior: dismiss and notify, webauthn:extension:credBlob: true, webauthn:extension:largeBlob: true, webauthn:extension:minPinLength: true, webauthn:extension:prf: true, webauthn:virtualAuthenticators: true}
Element: [[ChromeDriver: chrome on windows (1d653b1ab558b4f87518e6037f7abd54)] -> class name: rd_logout]
Session ID: 1d653b1ab558b4f87518e6037f7abd54
at java.base/jdk.internal.reflect.NativeConstructorAccessorImpl.newInstance0(Native Method)
at java.base/jdk.internal.reflect.NativeConstructorAccessorImpl.newInstance(NativeConstructorAccessorImpl.java:77)
at java.base/jdk.internal.reflect.DelegatingConstructorAccessorImpl.newInstance(DelegatingConstructorAccessorImpl.java:45)
at java.base/java.lang.reflect.Constructor.newInstanceWithCaller(Constructor.java:499)
at java.base/java.lang.reflect.Constructor.newInstance(Constructor.java:480)
at org.openqa.selenium.remote.codec.w3c.W3CHttpResponseCodec.createException(W3CHttpResponseCodec.java:200)
at org.openqa.selenium.remote.codec.w3c.W3CHttpResponseCodec.decode(W3CHttpResponseCodec.java:133)
at org.openqa.selenium.remote.codec.w3c.W3CHttpResponseCodec.decode(W3CHttpResponseCodec.java:52)
at org.openqa.selenium.remote.HttpCommandExecutor.execute(HttpCommandExecutor.java:191)
at org.openqa.selenium.remote.service.DriverCommandExecutor.invokeExecute(DriverCommandExecutor.java:196)
at org.openqa.selenium.remote.service.DriverCommandExecutor.execute(DriverCommandExecutor.java:171)
at org.openqa.selenium.remote.RemoteWebDriver.execute(RemoteWebDriver.java:602)
at org.openqa.selenium.remote.RemoteWebElement.execute(RemoteWebElement.java:224)
at org.openqa.selenium.remote.RemoteWebElement.click(RemoteWebElement.java:77)
at jdk.internal.reflect.GeneratedMethodAccessor2.invoke(Unknown Source)
at java.base/jdk.internal.reflect.DelegatingMethodAccessorImpl.invoke(DelegatingMethodAccessorImpl.java:43)
at java.base/java.lang.reflect.Method.invoke(Method.java:568)
at org.openqa.selenium.support.pagefactory.internal.LocatingElementHandler.invoke(LocatingElementHandler.java:51)
at jdk.proxy2/jdk.proxy2.$Proxy13.click(Unknown Source)
at com.qa.hybridpractice.pages.HP_HomePageTest.clickOnLogOutButton(HP_HomePageTest.java:49)
at com.qa.hybridpractice.testcases.HybridPractice_HomeTest.setUp(HybridPractice_HomeTest.java:32)
at java.base/jdk.internal.reflect.NativeMethodAccessorImpl.invoke0(Native Method)
at java.base/jdk.internal.reflect.NativeMethodAccessorImpl.invoke(NativeMethodAccessorImpl.java:77)
at java.base/jdk.internal.reflect.DelegatingMethodAccessorImpl.invoke(DelegatingMethodAccessorImpl.java:43)
at java.base/java.lang.reflect.Method.invoke(Method.java:568)
at org.testng.internal.invokers.MethodInvocationHelper.invokeMethod(MethodInvocationHelper.java:139)
at org.testng.internal.invokers.MethodInvocationHelper.invokeMethodConsideringTimeout(MethodInvocationHelper.java:69)
at org.testng.internal.invokers.ConfigInvoker.invokeConfigurationMethod(ConfigInvoker.java:390)
at org.testng.internal.invokers.ConfigInvoker.invokeConfigurations(ConfigInvoker.java:325)
at org.testng.internal.invokers.TestInvoker.runConfigMethods(TestInvoker.java:810)
at org.testng.internal.invokers.TestInvoker.invokeMethod(TestInvoker.java:577)
at org.testng.internal.invokers.TestInvoker.invokeTestMethod(TestInvoker.java:227)
at org.testng.internal.invokers.MethodRunner.runInSequence(MethodRunner.java:50)
at org.testng.internal.invokers.TestInvoker$MethodInvocationAgent.invoke(TestInvoker.java:957)
at org.testng.internal.invokers.TestInvoker.invokeTestMethods(TestInvoker.java:200)
at org.testng.internal.invokers.TestMethodWorker.invokeTestMethods(TestMethodWorker.java:148)
at org.testng.internal.invokers.TestMethodWorker.run(TestMethodWorker.java:128)
at java.base/java.util.ArrayList.forEach(ArrayList.java:1511)
at org.testng.TestRunner.privateRun(TestRunner.java:848)
at org.testng.TestRunner.run(TestRunner.java:621)
at org.testng.SuiteRunner.runTest(SuiteRunner.java:443)
at org.testng.SuiteRunner.runSequentially(SuiteRunner.java:437)
at org.testng.SuiteRunner.privateRun(SuiteRunner.java:397)
at org.testng.SuiteRunner.run(SuiteRunner.java:336)
at org.testng.SuiteRunnerWorker.runSuite(SuiteRunnerWorker.java:52)
at org.testng.SuiteRunnerWorker.run(SuiteRunnerWorker.java:95)
at org.testng.TestNG.runSuitesSequentially(TestNG.java:1280)
at org.testng.TestNG.runSuitesLocally(TestNG.java:1200)
at org.testng.TestNG.runSuites(TestNG.java:1114)
at org.testng.TestNG.run(TestNG.java:1082)
at org.apache.maven.surefire.testng.TestNGExecutor.run(TestNGExecutor.java:308)
at org.apache.maven.surefire.testng.TestNGXmlTestSuite.execute(TestNGXmlTestSuite.java:71)
at org.apache.maven.surefire.testng.TestNGProvider.invoke(TestNGProvider.java:113)
at org.apache.maven.surefire.booter.ForkedBooter.runSuitesInProcess(ForkedBooter.java:385)
at org.apache.maven.surefire.booter.ForkedBooter.execute(ForkedBooter.java:162)
at org.apache.maven.surefire.booter.ForkedBooter.run(ForkedBooter.java:507)
at org.apache.maven.surefire.booter.ForkedBooter.main(ForkedBooter.java:495)
]]>
            </full-stacktrace>
          </exception> <!-- org.openqa.selenium.ElementClickInterceptedException -->
          <reporter-output>
          </reporter-output>
        </test-method> <!-- setUp -->
        <test-method signature="presenceOfRediffLogo()[pri:0, instance:com.qa.hybridpractice.testcases.HybridPractice_HomeTest@73a1e9a9]" started-at="2023-10-05T01:11:45 PDT" name="presenceOfRediffLogo" finished-at="2023-10-05T01:11:45 PDT" duration-ms="0" status="SKIP">
          <exception class="org.openqa.selenium.ElementClickInterceptedException">
            <message>
              <![CDATA[element click intercepted: Element <a onclick="javascript:void(0)" class="rd_logout">...</a> is not clickable at point (1561, 28). Other element would receive the click: <div id="sright2div" style="text-align:center;width:160px;overflow:hidden; background:#fff; height:calc(100vh - 20px)">...</div>
  (Session info: chrome=117.0.5938.149)
Build info: version: '4.13.0', revision: 'ba948ece5b*'
System info: os.name: 'Windows 11', os.arch: 'amd64', os.version: '10.0', java.version: '17.0.7'
Driver info: org.openqa.selenium.chrome.ChromeDriver
Command: [1d653b1ab558b4f87518e6037f7abd54, clickElement {id=9163050F7A61025FC24C43F56C2B42B0_element_129}]
Capabilities {acceptInsecureCerts: false, browserName: chrome, browserVersion: 117.0.5938.149, chrome: {chromedriverVersion: 117.0.5938.149 (e3344ddefa1..., userDataDir: C:\Users\chowd\AppData\Loca...}, fedcm:accounts: true, goog:chromeOptions: {debuggerAddress: localhost:57360}, networkConnectionEnabled: false, pageLoadStrategy: eager, platformName: windows, proxy: Proxy(), se:cdp: ws://localhost:57360/devtoo..., se:cdpVersion: 117.0.5938.149, setWindowRect: true, strictFileInteractability: false, timeouts: {implicit: 0, pageLoad: 300000, script: 30000}, unhandledPromptBehavior: dismiss and notify, webauthn:extension:credBlob: true, webauthn:extension:largeBlob: true, webauthn:extension:minPinLength: true, webauthn:extension:prf: true, webauthn:virtualAuthenticators: true}
Element: [[ChromeDriver: chrome on windows (1d653b1ab558b4f87518e6037f7abd54)] -> class name: rd_logout]
Session ID: 1d653b1ab558b4f87518e6037f7abd54]]>
            </message>
            <full-stacktrace>
              <![CDATA[org.openqa.selenium.ElementClickInterceptedException: element click intercepted: Element <a onclick="javascript:void(0)" class="rd_logout">...</a> is not clickable at point (1561, 28). Other element would receive the click: <div id="sright2div" style="text-align:center;width:160px;overflow:hidden; background:#fff; height:calc(100vh - 20px)">...</div>
  (Session info: chrome=117.0.5938.149)
Build info: version: '4.13.0', revision: 'ba948ece5b*'
System info: os.name: 'Windows 11', os.arch: 'amd64', os.version: '10.0', java.version: '17.0.7'
Driver info: org.openqa.selenium.chrome.ChromeDriver
Command: [1d653b1ab558b4f87518e6037f7abd54, clickElement {id=9163050F7A61025FC24C43F56C2B42B0_element_129}]
Capabilities {acceptInsecureCerts: false, browserName: chrome, browserVersion: 117.0.5938.149, chrome: {chromedriverVersion: 117.0.5938.149 (e3344ddefa1..., userDataDir: C:\Users\chowd\AppData\Loca...}, fedcm:accounts: true, goog:chromeOptions: {debuggerAddress: localhost:57360}, networkConnectionEnabled: false, pageLoadStrategy: eager, platformName: windows, proxy: Proxy(), se:cdp: ws://localhost:57360/devtoo..., se:cdpVersion: 117.0.5938.149, setWindowRect: true, strictFileInteractability: false, timeouts: {implicit: 0, pageLoad: 300000, script: 30000}, unhandledPromptBehavior: dismiss and notify, webauthn:extension:credBlob: true, webauthn:extension:largeBlob: true, webauthn:extension:minPinLength: true, webauthn:extension:prf: true, webauthn:virtualAuthenticators: true}
Element: [[ChromeDriver: chrome on windows (1d653b1ab558b4f87518e6037f7abd54)] -> class name: rd_logout]
Session ID: 1d653b1ab558b4f87518e6037f7abd54
at java.base/jdk.internal.reflect.NativeConstructorAccessorImpl.newInstance0(Native Method)
at java.base/jdk.internal.reflect.NativeConstructorAccessorImpl.newInstance(NativeConstructorAccessorImpl.java:77)
at java.base/jdk.internal.reflect.DelegatingConstructorAccessorImpl.newInstance(DelegatingConstructorAccessorImpl.java:45)
at java.base/java.lang.reflect.Constructor.newInstanceWithCaller(Constructor.java:499)
at java.base/java.lang.reflect.Constructor.newInstance(Constructor.java:480)
at org.openqa.selenium.remote.codec.w3c.W3CHttpResponseCodec.createException(W3CHttpResponseCodec.java:200)
at org.openqa.selenium.remote.codec.w3c.W3CHttpResponseCodec.decode(W3CHttpResponseCodec.java:133)
at org.openqa.selenium.remote.codec.w3c.W3CHttpResponseCodec.decode(W3CHttpResponseCodec.java:52)
at org.openqa.selenium.remote.HttpCommandExecutor.execute(HttpCommandExecutor.java:191)
at org.openqa.selenium.remote.service.DriverCommandExecutor.invokeExecute(DriverCommandExecutor.java:196)
at org.openqa.selenium.remote.service.DriverCommandExecutor.execute(DriverCommandExecutor.java:171)
at org.openqa.selenium.remote.RemoteWebDriver.execute(RemoteWebDriver.java:602)
at org.openqa.selenium.remote.RemoteWebElement.execute(RemoteWebElement.java:224)
at org.openqa.selenium.remote.RemoteWebElement.click(RemoteWebElement.java:77)
at jdk.internal.reflect.GeneratedMethodAccessor2.invoke(Unknown Source)
at java.base/jdk.internal.reflect.DelegatingMethodAccessorImpl.invoke(DelegatingMethodAccessorImpl.java:43)
at java.base/java.lang.reflect.Method.invoke(Method.java:568)
at org.openqa.selenium.support.pagefactory.internal.LocatingElementHandler.invoke(LocatingElementHandler.java:51)
at jdk.proxy2/jdk.proxy2.$Proxy13.click(Unknown Source)
at com.qa.hybridpractice.pages.HP_HomePageTest.clickOnLogOutButton(HP_HomePageTest.java:49)
at com.qa.hybridpractice.testcases.HybridPractice_HomeTest.setUp(HybridPractice_HomeTest.java:32)
at java.base/jdk.internal.reflect.NativeMethodAccessorImpl.invoke0(Native Method)
at java.base/jdk.internal.reflect.NativeMethodAccessorImpl.invoke(NativeMethodAccessorImpl.java:77)
at java.base/jdk.internal.reflect.DelegatingMethodAccessorImpl.invoke(DelegatingMethodAccessorImpl.java:43)
at java.base/java.lang.reflect.Method.invoke(Method.java:568)
at org.testng.internal.invokers.MethodInvocationHelper.invokeMethod(MethodInvocationHelper.java:139)
at org.testng.internal.invokers.MethodInvocationHelper.invokeMethodConsideringTimeout(MethodInvocationHelper.java:69)
at org.testng.internal.invokers.ConfigInvoker.invokeConfigurationMethod(ConfigInvoker.java:390)
at org.testng.internal.invokers.ConfigInvoker.invokeConfigurations(ConfigInvoker.java:325)
at org.testng.internal.invokers.TestInvoker.runConfigMethods(TestInvoker.java:810)
at org.testng.internal.invokers.TestInvoker.invokeMethod(TestInvoker.java:577)
at org.testng.internal.invokers.TestInvoker.invokeTestMethod(TestInvoker.java:227)
at org.testng.internal.invokers.MethodRunner.runInSequence(MethodRunner.java:50)
at org.testng.internal.invokers.TestInvoker$MethodInvocationAgent.invoke(TestInvoker.java:957)
at org.testng.internal.invokers.TestInvoker.invokeTestMethods(TestInvoker.java:200)
at org.testng.internal.invokers.TestMethodWorker.invokeTestMethods(TestMethodWorker.java:148)
at org.testng.internal.invokers.TestMethodWorker.run(TestMethodWorker.java:128)
at java.base/java.util.ArrayList.forEach(ArrayList.java:1511)
at org.testng.TestRunner.privateRun(TestRunner.java:848)
at org.testng.TestRunner.run(TestRunner.java:621)
at org.testng.SuiteRunner.runTest(SuiteRunner.java:443)
at org.testng.SuiteRunner.runSequentially(SuiteRunner.java:437)
at org.testng.SuiteRunner.privateRun(SuiteRunner.java:397)
at org.testng.SuiteRunner.run(SuiteRunner.java:336)
at org.testng.SuiteRunnerWorker.runSuite(SuiteRunnerWorker.java:52)
at org.testng.SuiteRunnerWorker.run(SuiteRunnerWorker.java:95)
at org.testng.TestNG.runSuitesSequentially(TestNG.java:1280)
at org.testng.TestNG.runSuitesLocally(TestNG.java:1200)
at org.testng.TestNG.runSuites(TestNG.java:1114)
at org.testng.TestNG.run(TestNG.java:1082)
at org.apache.maven.surefire.testng.TestNGExecutor.run(TestNGExecutor.java:308)
at org.apache.maven.surefire.testng.TestNGXmlTestSuite.execute(TestNGXmlTestSuite.java:71)
at org.apache.maven.surefire.testng.TestNGProvider.invoke(TestNGProvider.java:113)
at org.apache.maven.surefire.booter.ForkedBooter.runSuitesInProcess(ForkedBooter.java:385)
at org.apache.maven.surefire.booter.ForkedBooter.execute(ForkedBooter.java:162)
at org.apache.maven.surefire.booter.ForkedBooter.run(ForkedBooter.java:507)
at org.apache.maven.surefire.booter.ForkedBooter.main(ForkedBooter.java:495)
]]>
            </full-stacktrace>
          </exception> <!-- org.openqa.selenium.ElementClickInterceptedException -->
          <reporter-output>
          </reporter-output>
        </test-method> <!-- presenceOfRediffLogo -->
        <test-method is-config="true" signature="tearDown()[pri:0, instance:com.qa.hybridpractice.testcases.HybridPractice_HomeTest@73a1e9a9]" started-at="2023-10-05T01:11:45 PDT" name="tearDown" finished-at="2023-10-05T01:11:45 PDT" duration-ms="0" status="SKIP">
          <reporter-output>
          </reporter-output>
        </test-method> <!-- tearDown -->
      </class> <!-- com.qa.hybridpractice.testcases.HybridPractice_HomeTest -->
      <class name="com.qa.hybridpractice.testcases.HybridPractice_LogOutTest">
        <test-method is-config="true" signature="setUp()[pri:0, instance:com.qa.hybridpractice.testcases.HybridPractice_LogOutTest@55183b20]" started-at="2023-10-05T01:09:11 PDT" name="setUp" finished-at="2023-10-05T01:09:18 PDT" duration-ms="6995" status="PASS">
          <reporter-output>
          </reporter-output>
        </test-method> <!-- setUp -->
        <test-method signature="signOutMessageIsDisplayed()[pri:0, instance:com.qa.hybridpractice.testcases.HybridPractice_LogOutTest@55183b20]" started-at="2023-10-05T01:09:18 PDT" name="signOutMessageIsDisplayed" finished-at="2023-10-05T01:09:24 PDT" duration-ms="5299" status="FAIL">
          <exception class="org.openqa.selenium.ElementClickInterceptedException">
            <message>
              <![CDATA[element click intercepted: Element <a onclick="javascript:void(0)" class="rd_logout">...</a> is not clickable at point (1561, 28). Other element would receive the click: <div id="sright2div" style="text-align:center;width:160px;overflow:hidden; background:#fff; height:calc(100vh - 20px)">...</div>
  (Session info: chrome=117.0.5938.149)
Build info: version: '4.13.0', revision: 'ba948ece5b*'
System info: os.name: 'Windows 11', os.arch: 'amd64', os.version: '10.0', java.version: '17.0.7'
Driver info: org.openqa.selenium.chrome.ChromeDriver
Command: [bd6ba14f4ef50234eaf92dd26d9ebc0f, clickElement {id=9696741D5005AA3213F844177E37E675_element_120}]
Capabilities {acceptInsecureCerts: false, browserName: chrome, browserVersion: 117.0.5938.149, chrome: {chromedriverVersion: 117.0.5938.149 (e3344ddefa1..., userDataDir: C:\Users\chowd\AppData\Loca...}, fedcm:accounts: true, goog:chromeOptions: {debuggerAddress: localhost:55479}, networkConnectionEnabled: false, pageLoadStrategy: eager, platformName: windows, proxy: Proxy(), se:cdp: ws://localhost:55479/devtoo..., se:cdpVersion: 117.0.5938.149, setWindowRect: true, strictFileInteractability: false, timeouts: {implicit: 0, pageLoad: 300000, script: 30000}, unhandledPromptBehavior: dismiss and notify, webauthn:extension:credBlob: true, webauthn:extension:largeBlob: true, webauthn:extension:minPinLength: true, webauthn:extension:prf: true, webauthn:virtualAuthenticators: true}
Element: [[ChromeDriver: chrome on windows (bd6ba14f4ef50234eaf92dd26d9ebc0f)] -> css selector: a.rd_logout]
Session ID: bd6ba14f4ef50234eaf92dd26d9ebc0f]]>
            </message>
            <full-stacktrace>
              <![CDATA[org.openqa.selenium.ElementClickInterceptedException: element click intercepted: Element <a onclick="javascript:void(0)" class="rd_logout">...</a> is not clickable at point (1561, 28). Other element would receive the click: <div id="sright2div" style="text-align:center;width:160px;overflow:hidden; background:#fff; height:calc(100vh - 20px)">...</div>
  (Session info: chrome=117.0.5938.149)
Build info: version: '4.13.0', revision: 'ba948ece5b*'
System info: os.name: 'Windows 11', os.arch: 'amd64', os.version: '10.0', java.version: '17.0.7'
Driver info: org.openqa.selenium.chrome.ChromeDriver
Command: [bd6ba14f4ef50234eaf92dd26d9ebc0f, clickElement {id=9696741D5005AA3213F844177E37E675_element_120}]
Capabilities {acceptInsecureCerts: false, browserName: chrome, browserVersion: 117.0.5938.149, chrome: {chromedriverVersion: 117.0.5938.149 (e3344ddefa1..., userDataDir: C:\Users\chowd\AppData\Loca...}, fedcm:accounts: true, goog:chromeOptions: {debuggerAddress: localhost:55479}, networkConnectionEnabled: false, pageLoadStrategy: eager, platformName: windows, proxy: Proxy(), se:cdp: ws://localhost:55479/devtoo..., se:cdpVersion: 117.0.5938.149, setWindowRect: true, strictFileInteractability: false, timeouts: {implicit: 0, pageLoad: 300000, script: 30000}, unhandledPromptBehavior: dismiss and notify, webauthn:extension:credBlob: true, webauthn:extension:largeBlob: true, webauthn:extension:minPinLength: true, webauthn:extension:prf: true, webauthn:virtualAuthenticators: true}
Element: [[ChromeDriver: chrome on windows (bd6ba14f4ef50234eaf92dd26d9ebc0f)] -> css selector: a.rd_logout]
Session ID: bd6ba14f4ef50234eaf92dd26d9ebc0f
at java.base/jdk.internal.reflect.NativeConstructorAccessorImpl.newInstance0(Native Method)
at java.base/jdk.internal.reflect.NativeConstructorAccessorImpl.newInstance(NativeConstructorAccessorImpl.java:77)
at java.base/jdk.internal.reflect.DelegatingConstructorAccessorImpl.newInstance(DelegatingConstructorAccessorImpl.java:45)
at java.base/java.lang.reflect.Constructor.newInstanceWithCaller(Constructor.java:499)
at java.base/java.lang.reflect.Constructor.newInstance(Constructor.java:480)
at org.openqa.selenium.remote.codec.w3c.W3CHttpResponseCodec.createException(W3CHttpResponseCodec.java:200)
at org.openqa.selenium.remote.codec.w3c.W3CHttpResponseCodec.decode(W3CHttpResponseCodec.java:133)
at org.openqa.selenium.remote.codec.w3c.W3CHttpResponseCodec.decode(W3CHttpResponseCodec.java:52)
at org.openqa.selenium.remote.HttpCommandExecutor.execute(HttpCommandExecutor.java:191)
at org.openqa.selenium.remote.service.DriverCommandExecutor.invokeExecute(DriverCommandExecutor.java:196)
at org.openqa.selenium.remote.service.DriverCommandExecutor.execute(DriverCommandExecutor.java:171)
at org.openqa.selenium.remote.RemoteWebDriver.execute(RemoteWebDriver.java:602)
at org.openqa.selenium.remote.RemoteWebElement.execute(RemoteWebElement.java:224)
at org.openqa.selenium.remote.RemoteWebElement.click(RemoteWebElement.java:77)
at java.base/jdk.internal.reflect.NativeMethodAccessorImpl.invoke0(Native Method)
at java.base/jdk.internal.reflect.NativeMethodAccessorImpl.invoke(NativeMethodAccessorImpl.java:77)
at java.base/jdk.internal.reflect.DelegatingMethodAccessorImpl.invoke(DelegatingMethodAccessorImpl.java:43)
at java.base/java.lang.reflect.Method.invoke(Method.java:568)
at org.openqa.selenium.support.pagefactory.internal.LocatingElementHandler.invoke(LocatingElementHandler.java:51)
at jdk.proxy2/jdk.proxy2.$Proxy13.click(Unknown Source)
at com.qa.hybridpractice.pages.HP_LogOutPageTest.clickOnLogOutButton(HP_LogOutPageTest.java:46)
at com.qa.hybridpractice.testcases.HybridPractice_LogOutTest.signOutMessageIsDisplayed(HybridPractice_LogOutTest.java:38)
at java.base/jdk.internal.reflect.NativeMethodAccessorImpl.invoke0(Native Method)
at java.base/jdk.internal.reflect.NativeMethodAccessorImpl.invoke(NativeMethodAccessorImpl.java:77)
at java.base/jdk.internal.reflect.DelegatingMethodAccessorImpl.invoke(DelegatingMethodAccessorImpl.java:43)
at java.base/java.lang.reflect.Method.invoke(Method.java:568)
at org.testng.internal.invokers.MethodInvocationHelper.invokeMethod(MethodInvocationHelper.java:139)
at org.testng.internal.invokers.TestInvoker.invokeMethod(TestInvoker.java:664)
at org.testng.internal.invokers.TestInvoker.invokeTestMethod(TestInvoker.java:227)
at org.testng.internal.invokers.MethodRunner.runInSequence(MethodRunner.java:50)
at org.testng.internal.invokers.TestInvoker$MethodInvocationAgent.invoke(TestInvoker.java:957)
at org.testng.internal.invokers.TestInvoker.invokeTestMethods(TestInvoker.java:200)
at org.testng.internal.invokers.TestMethodWorker.invokeTestMethods(TestMethodWorker.java:148)
at org.testng.internal.invokers.TestMethodWorker.run(TestMethodWorker.java:128)
at java.base/java.util.ArrayList.forEach(ArrayList.java:1511)
at org.testng.TestRunner.privateRun(TestRunner.java:848)
at org.testng.TestRunner.run(TestRunner.java:621)
at org.testng.SuiteRunner.runTest(SuiteRunner.java:443)
at org.testng.SuiteRunner.runSequentially(SuiteRunner.java:437)
at org.testng.SuiteRunner.privateRun(SuiteRunner.java:397)
at org.testng.SuiteRunner.run(SuiteRunner.java:336)
at org.testng.SuiteRunnerWorker.runSuite(SuiteRunnerWorker.java:52)
at org.testng.SuiteRunnerWorker.run(SuiteRunnerWorker.java:95)
at org.testng.TestNG.runSuitesSequentially(TestNG.java:1280)
at org.testng.TestNG.runSuitesLocally(TestNG.java:1200)
at org.testng.TestNG.runSuites(TestNG.java:1114)
at org.testng.TestNG.run(TestNG.java:1082)
at org.apache.maven.surefire.testng.TestNGExecutor.run(TestNGExecutor.java:308)
at org.apache.maven.surefire.testng.TestNGXmlTestSuite.execute(TestNGXmlTestSuite.java:71)
at org.apache.maven.surefire.testng.TestNGProvider.invoke(TestNGProvider.java:113)
at org.apache.maven.surefire.booter.ForkedBooter.runSuitesInProcess(ForkedBooter.java:385)
at org.apache.maven.surefire.booter.ForkedBooter.execute(ForkedBooter.java:162)
at org.apache.maven.surefire.booter.ForkedBooter.run(ForkedBooter.java:507)
at org.apache.maven.surefire.booter.ForkedBooter.main(ForkedBooter.java:495)
]]>
            </full-stacktrace>
          </exception> <!-- org.openqa.selenium.ElementClickInterceptedException -->
          <reporter-output>
          </reporter-output>
        </test-method> <!-- signOutMessageIsDisplayed -->
        <test-method is-config="true" signature="tearDown()[pri:0, instance:com.qa.hybridpractice.testcases.HybridPractice_LogOutTest@55183b20]" started-at="2023-10-05T01:09:24 PDT" name="tearDown" finished-at="2023-10-05T01:09:24 PDT" duration-ms="162" status="PASS">
          <reporter-output>
          </reporter-output>
        </test-method> <!-- tearDown -->
      </class> <!-- com.qa.hybridpractice.testcases.HybridPractice_LogOutTest -->
      <class name="com.qa.hybridpractice.testcases.HybridPractice_LinkTests">
        <test-method is-config="true" signature="setUp()[pri:0, instance:com.qa.hybridpractice.testcases.HybridPractice_LinkTests@71d44a3]" started-at="2023-10-05T01:11:45 PDT" name="setUp" finished-at="2023-10-05T01:11:47 PDT" duration-ms="2283" status="PASS">
          <reporter-output>
          </reporter-output>
        </test-method> <!-- setUp -->
        <test-method signature="linkTests()[pri:0, instance:com.qa.hybridpractice.testcases.HybridPractice_LinkTests@71d44a3]" started-at="2023-10-05T01:11:47 PDT" name="linkTests" finished-at="2023-10-05T01:11:58 PDT" duration-ms="10772" status="PASS">
          <reporter-output>
          </reporter-output>
        </test-method> <!-- linkTests -->
        <test-method is-config="true" signature="tearDown()[pri:0, instance:com.qa.hybridpractice.testcases.HybridPractice_LinkTests@71d44a3]" started-at="2023-10-05T01:11:58 PDT" name="tearDown" finished-at="2023-10-05T01:11:58 PDT" duration-ms="130" status="PASS">
          <reporter-output>
          </reporter-output>
        </test-method> <!-- tearDown -->
      </class> <!-- com.qa.hybridpractice.testcases.HybridPractice_LinkTests -->
      <class name="com.qa.hybridpractice.testcases.HybridPractice_LoginTests">
        <test-method is-config="true" signature="setUp()[pri:0, instance:com.qa.hybridpractice.testcases.HybridPractice_LoginTests@14cd1699]" started-at="2023-10-05T01:09:39 PDT" name="setUp" finished-at="2023-10-05T01:09:43 PDT" duration-ms="3725" status="PASS">
          <reporter-output>
          </reporter-output>
        </test-method> <!-- setUp -->
        <test-method signature="logInWithValidCredentialsUsingDataProvider(java.lang.String,java.lang.String)[pri:1, instance:com.qa.hybridpractice.testcases.HybridPractice_LoginTests@14cd1699]" started-at="2023-10-05T01:09:43 PDT" name="logInWithValidCredentialsUsingDataProvider" data-provider="RediffDataProviderSupply" finished-at="2023-10-05T01:09:48 PDT" duration-ms="5744" status="PASS">
          <params>
            <param index="0">
              <value>
                <![CDATA[chowdhurygs@rediffmail.com]]>
              </value>
            </param>
            <param index="1">
              <value>
                <![CDATA[Shajlee1@]]>
              </value>
            </param>
          </params>
          <reporter-output>
          </reporter-output>
        </test-method> <!-- logInWithValidCredentialsUsingDataProvider -->
        <test-method is-config="true" signature="tearDown()[pri:0, instance:com.qa.hybridpractice.testcases.HybridPractice_LoginTests@14cd1699]" started-at="2023-10-05T01:09:48 PDT" name="tearDown" finished-at="2023-10-05T01:09:48 PDT" duration-ms="128" status="PASS">
          <reporter-output>
          </reporter-output>
        </test-method> <!-- tearDown -->
        <test-method is-config="true" signature="setUp()[pri:0, instance:com.qa.hybridpractice.testcases.HybridPractice_LoginTests@14cd1699]" started-at="2023-10-05T01:09:48 PDT" name="setUp" finished-at="2023-10-05T01:09:52 PDT" duration-ms="3631" status="PASS">
          <reporter-output>
          </reporter-output>
        </test-method> <!-- setUp -->
        <test-method signature="logInWithValidCredentialsUsingDataProvider(java.lang.String,java.lang.String)[pri:1, instance:com.qa.hybridpractice.testcases.HybridPractice_LoginTests@14cd1699]" started-at="2023-10-05T01:09:52 PDT" name="logInWithValidCredentialsUsingDataProvider" data-provider="RediffDataProviderSupply" finished-at="2023-10-05T01:09:56 PDT" duration-ms="4351" status="PASS">
          <params>
            <param index="0">
              <value>
                <![CDATA[seleniumpanda@rediffmail.com]]>
              </value>
            </param>
            <param index="1">
              <value>
                <![CDATA[Selenium@123]]>
              </value>
            </param>
          </params>
          <reporter-output>
          </reporter-output>
        </test-method> <!-- logInWithValidCredentialsUsingDataProvider -->
        <test-method is-config="true" signature="tearDown()[pri:0, instance:com.qa.hybridpractice.testcases.HybridPractice_LoginTests@14cd1699]" started-at="2023-10-05T01:09:56 PDT" name="tearDown" finished-at="2023-10-05T01:09:57 PDT" duration-ms="136" status="PASS">
          <reporter-output>
          </reporter-output>
        </test-method> <!-- tearDown -->
        <test-method is-config="true" signature="setUp()[pri:0, instance:com.qa.hybridpractice.testcases.HybridPractice_LoginTests@14cd1699]" started-at="2023-10-05T01:09:57 PDT" name="setUp" finished-at="2023-10-05T01:10:01 PDT" duration-ms="4092" status="PASS">
          <reporter-output>
          </reporter-output>
        </test-method> <!-- setUp -->
        <test-method signature="logInWithValidCredentialsUsingDataProvider(java.lang.String,java.lang.String)[pri:1, instance:com.qa.hybridpractice.testcases.HybridPractice_LoginTests@14cd1699]" started-at="2023-10-05T01:10:01 PDT" name="logInWithValidCredentialsUsingDataProvider" data-provider="RediffDataProviderSupply" finished-at="2023-10-05T01:10:04 PDT" duration-ms="3246" status="PASS">
          <params>
            <param index="0">
              <value>
                <![CDATA[seleniumpanda1@rediffmail.com]]>
              </value>
            </param>
            <param index="1">
              <value>
                <![CDATA[Donkey@123]]>
              </value>
            </param>
          </params>
          <reporter-output>
          </reporter-output>
        </test-method> <!-- logInWithValidCredentialsUsingDataProvider -->
        <test-method is-config="true" signature="tearDown()[pri:0, instance:com.qa.hybridpractice.testcases.HybridPractice_LoginTests@14cd1699]" started-at="2023-10-05T01:10:04 PDT" name="tearDown" finished-at="2023-10-05T01:10:04 PDT" duration-ms="148" status="PASS">
          <reporter-output>
          </reporter-output>
        </test-method> <!-- tearDown -->
        <test-method is-config="true" signature="setUp()[pri:0, instance:com.qa.hybridpractice.testcases.HybridPractice_LoginTests@14cd1699]" started-at="2023-10-05T01:10:04 PDT" name="setUp" finished-at="2023-10-05T01:10:09 PDT" duration-ms="4572" status="PASS">
          <reporter-output>
          </reporter-output>
        </test-method> <!-- setUp -->
        <test-method signature="logInWithValidCredentialsUsingDataProvider(java.lang.String,java.lang.String)[pri:1, instance:com.qa.hybridpractice.testcases.HybridPractice_LoginTests@14cd1699]" started-at="2023-10-05T01:10:09 PDT" name="logInWithValidCredentialsUsingDataProvider" data-provider="RediffDataProviderSupply" finished-at="2023-10-05T01:10:14 PDT" duration-ms="5312" status="PASS">
          <params>
            <param index="0">
              <value>
                <![CDATA[sarthakkumarpanda@rediffmail.com]]>
              </value>
            </param>
            <param index="1">
              <value>
                <![CDATA[Selenium@123]]>
              </value>
            </param>
          </params>
          <reporter-output>
          </reporter-output>
        </test-method> <!-- logInWithValidCredentialsUsingDataProvider -->
        <test-method is-config="true" signature="tearDown()[pri:0, instance:com.qa.hybridpractice.testcases.HybridPractice_LoginTests@14cd1699]" started-at="2023-10-05T01:10:14 PDT" name="tearDown" finished-at="2023-10-05T01:10:14 PDT" duration-ms="183" status="PASS">
          <reporter-output>
          </reporter-output>
        </test-method> <!-- tearDown -->
        <test-method is-config="true" signature="setUp()[pri:0, instance:com.qa.hybridpractice.testcases.HybridPractice_LoginTests@14cd1699]" started-at="2023-10-05T01:10:14 PDT" name="setUp" finished-at="2023-10-05T01:10:18 PDT" duration-ms="3770" status="PASS">
          <reporter-output>
          </reporter-output>
        </test-method> <!-- setUp -->
        <test-method signature="logInWithValidCredentialsUsingDataProvider(java.lang.String,java.lang.String)[pri:1, instance:com.qa.hybridpractice.testcases.HybridPractice_LoginTests@14cd1699]" started-at="2023-10-05T01:10:18 PDT" name="logInWithValidCredentialsUsingDataProvider" data-provider="RediffDataProviderSupply" finished-at="2023-10-05T01:10:24 PDT" duration-ms="5661" status="PASS">
          <params>
            <param index="0">
              <value>
                <![CDATA[Mohamedboudguig@rediffmail.com]]>
              </value>
            </param>
            <param index="1">
              <value>
                <![CDATA[Medbdg0707@]]>
              </value>
            </param>
          </params>
          <reporter-output>
          </reporter-output>
        </test-method> <!-- logInWithValidCredentialsUsingDataProvider -->
        <test-method is-config="true" signature="tearDown()[pri:0, instance:com.qa.hybridpractice.testcases.HybridPractice_LoginTests@14cd1699]" started-at="2023-10-05T01:10:24 PDT" name="tearDown" finished-at="2023-10-05T01:10:24 PDT" duration-ms="126" status="PASS">
          <reporter-output>
          </reporter-output>
        </test-method> <!-- tearDown -->
        <test-method is-config="true" signature="setUp()[pri:0, instance:com.qa.hybridpractice.testcases.HybridPractice_LoginTests@14cd1699]" started-at="2023-10-05T01:10:24 PDT" name="setUp" finished-at="2023-10-05T01:10:28 PDT" duration-ms="3478" status="PASS">
          <reporter-output>
          </reporter-output>
        </test-method> <!-- setUp -->
        <test-method signature="logInWithValidCredentialsUsingDataProviderExcelSheet(java.lang.String,java.lang.String)[pri:2, instance:com.qa.hybridpractice.testcases.HybridPractice_LoginTests@14cd1699]" started-at="2023-10-05T01:10:28 PDT" name="logInWithValidCredentialsUsingDataProviderExcelSheet" data-provider="RediffExcelDataWithDataProvider" finished-at="2023-10-05T01:10:33 PDT" duration-ms="5136" status="PASS">
          <params>
            <param index="0">
              <value>
                <![CDATA[chowdhurygs@rediffmail.com]]>
              </value>
            </param>
            <param index="1">
              <value>
                <![CDATA[Shajlee1@]]>
              </value>
            </param>
          </params>
          <reporter-output>
          </reporter-output>
        </test-method> <!-- logInWithValidCredentialsUsingDataProviderExcelSheet -->
        <test-method is-config="true" signature="tearDown()[pri:0, instance:com.qa.hybridpractice.testcases.HybridPractice_LoginTests@14cd1699]" started-at="2023-10-05T01:10:33 PDT" name="tearDown" finished-at="2023-10-05T01:10:33 PDT" duration-ms="130" status="PASS">
          <reporter-output>
          </reporter-output>
        </test-method> <!-- tearDown -->
        <test-method is-config="true" signature="setUp()[pri:0, instance:com.qa.hybridpractice.testcases.HybridPractice_LoginTests@14cd1699]" started-at="2023-10-05T01:10:33 PDT" name="setUp" finished-at="2023-10-05T01:10:37 PDT" duration-ms="3823" status="PASS">
          <reporter-output>
          </reporter-output>
        </test-method> <!-- setUp -->
        <test-method signature="logInWithValidCredentialsUsingDataProviderExcelSheet(java.lang.String,java.lang.String)[pri:2, instance:com.qa.hybridpractice.testcases.HybridPractice_LoginTests@14cd1699]" started-at="2023-10-05T01:10:37 PDT" name="logInWithValidCredentialsUsingDataProviderExcelSheet" data-provider="RediffExcelDataWithDataProvider" finished-at="2023-10-05T01:10:40 PDT" duration-ms="3318" status="PASS">
          <params>
            <param index="0">
              <value>
                <![CDATA[seleniumpanda@rediffmail.com]]>
              </value>
            </param>
            <param index="1">
              <value>
                <![CDATA[Selenium@123]]>
              </value>
            </param>
          </params>
          <reporter-output>
          </reporter-output>
        </test-method> <!-- logInWithValidCredentialsUsingDataProviderExcelSheet -->
        <test-method is-config="true" signature="tearDown()[pri:0, instance:com.qa.hybridpractice.testcases.HybridPractice_LoginTests@14cd1699]" started-at="2023-10-05T01:10:40 PDT" name="tearDown" finished-at="2023-10-05T01:10:40 PDT" duration-ms="125" status="PASS">
          <reporter-output>
          </reporter-output>
        </test-method> <!-- tearDown -->
        <test-method is-config="true" signature="setUp()[pri:0, instance:com.qa.hybridpractice.testcases.HybridPractice_LoginTests@14cd1699]" started-at="2023-10-05T01:10:40 PDT" name="setUp" finished-at="2023-10-05T01:10:44 PDT" duration-ms="3591" status="PASS">
          <reporter-output>
          </reporter-output>
        </test-method> <!-- setUp -->
        <test-method signature="logInWithValidCredentialsUsingDataProviderExcelSheet(java.lang.String,java.lang.String)[pri:2, instance:com.qa.hybridpractice.testcases.HybridPractice_LoginTests@14cd1699]" started-at="2023-10-05T01:10:44 PDT" name="logInWithValidCredentialsUsingDataProviderExcelSheet" data-provider="RediffExcelDataWithDataProvider" finished-at="2023-10-05T01:10:47 PDT" duration-ms="3168" status="PASS">
          <params>
            <param index="0">
              <value>
                <![CDATA[seleniumpanda1@rediffmail.com]]>
              </value>
            </param>
            <param index="1">
              <value>
                <![CDATA[Donkey@123]]>
              </value>
            </param>
          </params>
          <reporter-output>
          </reporter-output>
        </test-method> <!-- logInWithValidCredentialsUsingDataProviderExcelSheet -->
        <test-method is-config="true" signature="tearDown()[pri:0, instance:com.qa.hybridpractice.testcases.HybridPractice_LoginTests@14cd1699]" started-at="2023-10-05T01:10:47 PDT" name="tearDown" finished-at="2023-10-05T01:10:47 PDT" duration-ms="119" status="PASS">
          <reporter-output>
          </reporter-output>
        </test-method> <!-- tearDown -->
        <test-method is-config="true" signature="setUp()[pri:0, instance:com.qa.hybridpractice.testcases.HybridPractice_LoginTests@14cd1699]" started-at="2023-10-05T01:10:47 PDT" name="setUp" finished-at="2023-10-05T01:10:51 PDT" duration-ms="3771" status="PASS">
          <reporter-output>
          </reporter-output>
        </test-method> <!-- setUp -->
        <test-method signature="logInWithValidCredentialsUsingDataProviderExcelSheet(java.lang.String,java.lang.String)[pri:2, instance:com.qa.hybridpractice.testcases.HybridPractice_LoginTests@14cd1699]" started-at="2023-10-05T01:10:51 PDT" name="logInWithValidCredentialsUsingDataProviderExcelSheet" data-provider="RediffExcelDataWithDataProvider" finished-at="2023-10-05T01:10:58 PDT" duration-ms="6501" status="PASS">
          <params>
            <param index="0">
              <value>
                <![CDATA[sarthakkumarpanda@rediffmail.com]]>
              </value>
            </param>
            <param index="1">
              <value>
                <![CDATA[Selenium@123]]>
              </value>
            </param>
          </params>
          <reporter-output>
          </reporter-output>
        </test-method> <!-- logInWithValidCredentialsUsingDataProviderExcelSheet -->
        <test-method is-config="true" signature="tearDown()[pri:0, instance:com.qa.hybridpractice.testcases.HybridPractice_LoginTests@14cd1699]" started-at="2023-10-05T01:10:58 PDT" name="tearDown" finished-at="2023-10-05T01:10:58 PDT" duration-ms="160" status="PASS">
          <reporter-output>
          </reporter-output>
        </test-method> <!-- tearDown -->
        <test-method is-config="true" signature="setUp()[pri:0, instance:com.qa.hybridpractice.testcases.HybridPractice_LoginTests@14cd1699]" started-at="2023-10-05T01:10:58 PDT" name="setUp" finished-at="2023-10-05T01:11:01 PDT" duration-ms="3580" status="PASS">
          <reporter-output>
          </reporter-output>
        </test-method> <!-- setUp -->
        <test-method signature="logInWithValidCredentialsUsingDataProviderExcelSheet(java.lang.String,java.lang.String)[pri:2, instance:com.qa.hybridpractice.testcases.HybridPractice_LoginTests@14cd1699]" started-at="2023-10-05T01:11:01 PDT" name="logInWithValidCredentialsUsingDataProviderExcelSheet" data-provider="RediffExcelDataWithDataProvider" finished-at="2023-10-05T01:11:08 PDT" duration-ms="6624" status="PASS">
          <params>
            <param index="0">
              <value>
                <![CDATA[Mohamedboudguig@rediffmail.com]]>
              </value>
            </param>
            <param index="1">
              <value>
                <![CDATA[Medbdg0707@]]>
              </value>
            </param>
          </params>
          <reporter-output>
          </reporter-output>
        </test-method> <!-- logInWithValidCredentialsUsingDataProviderExcelSheet -->
        <test-method is-config="true" signature="tearDown()[pri:0, instance:com.qa.hybridpractice.testcases.HybridPractice_LoginTests@14cd1699]" started-at="2023-10-05T01:11:08 PDT" name="tearDown" finished-at="2023-10-05T01:11:08 PDT" duration-ms="130" status="PASS">
          <reporter-output>
          </reporter-output>
        </test-method> <!-- tearDown -->
        <test-method is-config="true" signature="setUp()[pri:0, instance:com.qa.hybridpractice.testcases.HybridPractice_LoginTests@14cd1699]" started-at="2023-10-05T01:11:08 PDT" name="setUp" finished-at="2023-10-05T01:11:12 PDT" duration-ms="3578" status="PASS">
          <reporter-output>
          </reporter-output>
        </test-method> <!-- setUp -->
        <test-method signature="logInWithInvalidCredentials()[pri:3, instance:com.qa.hybridpractice.testcases.HybridPractice_LoginTests@14cd1699]" started-at="2023-10-05T01:11:12 PDT" name="logInWithInvalidCredentials" finished-at="2023-10-05T01:11:12 PDT" duration-ms="629" status="PASS">
          <reporter-output>
          </reporter-output>
        </test-method> <!-- logInWithInvalidCredentials -->
        <test-method is-config="true" signature="tearDown()[pri:0, instance:com.qa.hybridpractice.testcases.HybridPractice_LoginTests@14cd1699]" started-at="2023-10-05T01:11:12 PDT" name="tearDown" finished-at="2023-10-05T01:11:12 PDT" duration-ms="124" status="PASS">
          <reporter-output>
          </reporter-output>
        </test-method> <!-- tearDown -->
        <test-method is-config="true" signature="setUp()[pri:0, instance:com.qa.hybridpractice.testcases.HybridPractice_LoginTests@14cd1699]" started-at="2023-10-05T01:11:12 PDT" name="setUp" finished-at="2023-10-05T01:11:16 PDT" duration-ms="3590" status="PASS">
          <reporter-output>
          </reporter-output>
        </test-method> <!-- setUp -->
        <test-method signature="loginWithValidUsernameInvalidPassword()[pri:4, instance:com.qa.hybridpractice.testcases.HybridPractice_LoginTests@14cd1699]" started-at="2023-10-05T01:11:16 PDT" name="loginWithValidUsernameInvalidPassword" finished-at="2023-10-05T01:11:17 PDT" duration-ms="589" status="PASS">
          <reporter-output>
          </reporter-output>
        </test-method> <!-- loginWithValidUsernameInvalidPassword -->
        <test-method is-config="true" signature="tearDown()[pri:0, instance:com.qa.hybridpractice.testcases.HybridPractice_LoginTests@14cd1699]" started-at="2023-10-05T01:11:17 PDT" name="tearDown" finished-at="2023-10-05T01:11:17 PDT" duration-ms="128" status="PASS">
          <reporter-output>
          </reporter-output>
        </test-method> <!-- tearDown -->
        <test-method is-config="true" signature="setUp()[pri:0, instance:com.qa.hybridpractice.testcases.HybridPractice_LoginTests@14cd1699]" started-at="2023-10-05T01:11:17 PDT" name="setUp" finished-at="2023-10-05T01:11:20 PDT" duration-ms="3468" status="PASS">
          <reporter-output>
          </reporter-output>
        </test-method> <!-- setUp -->
        <test-method signature="logInWithInvalidUsernameValidPassword()[pri:5, instance:com.qa.hybridpractice.testcases.HybridPractice_LoginTests@14cd1699]" started-at="2023-10-05T01:11:20 PDT" name="logInWithInvalidUsernameValidPassword" finished-at="2023-10-05T01:11:21 PDT" duration-ms="573" status="PASS">
          <reporter-output>
          </reporter-output>
        </test-method> <!-- logInWithInvalidUsernameValidPassword -->
        <test-method is-config="true" signature="tearDown()[pri:0, instance:com.qa.hybridpractice.testcases.HybridPractice_LoginTests@14cd1699]" started-at="2023-10-05T01:11:21 PDT" name="tearDown" finished-at="2023-10-05T01:11:21 PDT" duration-ms="160" status="PASS">
          <reporter-output>
          </reporter-output>
        </test-method> <!-- tearDown -->
        <test-method is-config="true" signature="setUp()[pri:0, instance:com.qa.hybridpractice.testcases.HybridPractice_LoginTests@14cd1699]" started-at="2023-10-05T01:11:21 PDT" name="setUp" finished-at="2023-10-05T01:11:25 PDT" duration-ms="3596" status="PASS">
          <reporter-output>
          </reporter-output>
        </test-method> <!-- setUp -->
        <test-method signature="logInWithNotCredentials()[pri:6, instance:com.qa.hybridpractice.testcases.HybridPractice_LoginTests@14cd1699]" started-at="2023-10-05T01:11:25 PDT" name="logInWithNotCredentials" finished-at="2023-10-05T01:11:25 PDT" duration-ms="142" status="PASS">
          <reporter-output>
          </reporter-output>
        </test-method> <!-- logInWithNotCredentials -->
        <test-method is-config="true" signature="tearDown()[pri:0, instance:com.qa.hybridpractice.testcases.HybridPractice_LoginTests@14cd1699]" started-at="2023-10-05T01:11:25 PDT" name="tearDown" finished-at="2023-10-05T01:11:25 PDT" duration-ms="136" status="PASS">
          <reporter-output>
          </reporter-output>
        </test-method> <!-- tearDown -->
      </class> <!-- com.qa.hybridpractice.testcases.HybridPractice_LoginTests -->
      <class name="com.qa.hybridpractice.testcases.HybridPractice_InboxTest">
        <test-method is-config="true" signature="setUp()[pri:0, instance:com.qa.hybridpractice.testcases.HybridPractice_InboxTest@77888435]" started-at="2023-10-05T01:11:25 PDT" name="setUp" finished-at="2023-10-05T01:11:30 PDT" duration-ms="5050" status="PASS">
          <reporter-output>
          </reporter-output>
        </test-method> <!-- setUp -->
        <test-method signature="presenceOfInboxButton()[pri:0, instance:com.qa.hybridpractice.testcases.HybridPractice_InboxTest@77888435]" started-at="2023-10-05T01:11:30 PDT" name="presenceOfInboxButton" finished-at="2023-10-05T01:11:34 PDT" duration-ms="4085" status="PASS">
          <reporter-output>
          </reporter-output>
        </test-method> <!-- presenceOfInboxButton -->
        <test-method is-config="true" signature="tearDown()[pri:0, instance:com.qa.hybridpractice.testcases.HybridPractice_InboxTest@77888435]" started-at="2023-10-05T01:11:34 PDT" name="tearDown" finished-at="2023-10-05T01:11:34 PDT" duration-ms="115" status="PASS">
          <reporter-output>
          </reporter-output>
        </test-method> <!-- tearDown -->
      </class> <!-- com.qa.hybridpractice.testcases.HybridPractice_InboxTest -->
      <class name="com.qa.hybridpractice.testcases.HybridPractice_SignInLinkTest">
        <test-method is-config="true" signature="setUp()[pri:0, instance:com.qa.hybridpractice.testcases.HybridPractice_SignInLinkTest@76505305]" started-at="2023-10-05T01:09:34 PDT" name="setUp" finished-at="2023-10-05T01:09:37 PDT" duration-ms="3092" status="PASS">
          <reporter-output>
          </reporter-output>
        </test-method> <!-- setUp -->
        <test-method signature="clickOnSignInLink()[pri:1, instance:com.qa.hybridpractice.testcases.HybridPractice_SignInLinkTest@76505305]" started-at="2023-10-05T01:09:37 PDT" name="clickOnSignInLink" finished-at="2023-10-05T01:09:39 PDT" duration-ms="1954" status="PASS">
          <reporter-output>
          </reporter-output>
        </test-method> <!-- clickOnSignInLink -->
        <test-method is-config="true" signature="tearDown()[pri:0, instance:com.qa.hybridpractice.testcases.HybridPractice_SignInLinkTest@76505305]" started-at="2023-10-05T01:09:39 PDT" name="tearDown" finished-at="2023-10-05T01:09:39 PDT" duration-ms="128" status="PASS">
          <reporter-output>
          </reporter-output>
        </test-method> <!-- tearDown -->
      </class> <!-- com.qa.hybridpractice.testcases.HybridPractice_SignInLinkTest -->
      <class name="com.qa.hybridpractice.testcases.HybridPractice_LandingTest">
        <test-method is-config="true" signature="setUp()[pri:0, instance:com.qa.hybridpractice.testcases.HybridPractice_LandingTest@4218d6a3]" started-at="2023-10-05T01:09:24 PDT" name="setUp" finished-at="2023-10-05T01:09:27 PDT" duration-ms="3138" status="PASS">
          <reporter-output>
          </reporter-output>
        </test-method> <!-- setUp -->
        <test-method signature="validateTitleAndCurrentUrl()[pri:1, instance:com.qa.hybridpractice.testcases.HybridPractice_LandingTest@4218d6a3]" started-at="2023-10-05T01:09:27 PDT" name="validateTitleAndCurrentUrl" finished-at="2023-10-05T01:09:27 PDT" duration-ms="25" status="PASS">
          <reporter-output>
          </reporter-output>
        </test-method> <!-- validateTitleAndCurrentUrl -->
        <test-method is-config="true" signature="tearDown()[pri:0, instance:com.qa.hybridpractice.testcases.HybridPractice_LandingTest@4218d6a3]" started-at="2023-10-05T01:09:27 PDT" name="tearDown" finished-at="2023-10-05T01:09:27 PDT" duration-ms="115" status="PASS">
          <reporter-output>
          </reporter-output>
        </test-method> <!-- tearDown -->
        <test-method is-config="true" signature="setUp()[pri:0, instance:com.qa.hybridpractice.testcases.HybridPractice_LandingTest@4218d6a3]" started-at="2023-10-05T01:09:27 PDT" name="setUp" finished-at="2023-10-05T01:09:30 PDT" duration-ms="3159" status="PASS">
          <reporter-output>
          </reporter-output>
        </test-method> <!-- setUp -->
        <test-method signature="signInButtonIsDisplayedAndEnabled()[pri:2, instance:com.qa.hybridpractice.testcases.HybridPractice_LandingTest@4218d6a3]" started-at="2023-10-05T01:09:30 PDT" name="signInButtonIsDisplayedAndEnabled" finished-at="2023-10-05T01:09:30 PDT" duration-ms="81" status="PASS">
          <reporter-output>
          </reporter-output>
        </test-method> <!-- signInButtonIsDisplayedAndEnabled -->
        <test-method is-config="true" signature="tearDown()[pri:0, instance:com.qa.hybridpractice.testcases.HybridPractice_LandingTest@4218d6a3]" started-at="2023-10-05T01:09:30 PDT" name="tearDown" finished-at="2023-10-05T01:09:30 PDT" duration-ms="120" status="PASS">
          <reporter-output>
          </reporter-output>
        </test-method> <!-- tearDown -->
        <test-method is-config="true" signature="setUp()[pri:0, instance:com.qa.hybridpractice.testcases.HybridPractice_LandingTest@4218d6a3]" started-at="2023-10-05T01:09:30 PDT" name="setUp" finished-at="2023-10-05T01:09:33 PDT" duration-ms="3046" status="PASS">
          <reporter-output>
          </reporter-output>
        </test-method> <!-- setUp -->
        <test-method signature="rediffLogoIsDisplayed()[pri:3, instance:com.qa.hybridpractice.testcases.HybridPractice_LandingTest@4218d6a3]" started-at="2023-10-05T01:09:33 PDT" name="rediffLogoIsDisplayed" finished-at="2023-10-05T01:09:33 PDT" duration-ms="34" status="PASS">
          <reporter-output>
          </reporter-output>
        </test-method> <!-- rediffLogoIsDisplayed -->
        <test-method is-config="true" signature="tearDown()[pri:0, instance:com.qa.hybridpractice.testcases.HybridPractice_LandingTest@4218d6a3]" started-at="2023-10-05T01:09:33 PDT" name="tearDown" finished-at="2023-10-05T01:09:34 PDT" duration-ms="115" status="PASS">
          <reporter-output>
          </reporter-output>
        </test-method> <!-- tearDown -->
      </class> <!-- com.qa.hybridpractice.testcases.HybridPractice_LandingTest -->
    </test> <!-- Rediff Hybrid Practice Testcases -->
  </suite> <!-- Rediff Hybrid Practice Automation Suite -->
</testng-results>
