<html>
<head>
<title>TestNG:  Rediff Hybrid Practice Testcases</title>
<link href="../testng.css" rel="stylesheet" type="text/css" />
<link href="../my-testng.css" rel="stylesheet" type="text/css" />

<style type="text/css">
.log { display: none;} 
.stack-trace { display: none;} 
</style>
<script type="text/javascript">
<!--
function flip(e) {
  current = e.style.display;
  if (current == 'block') {
    e.style.display = 'none';
    return 0;
  }
  else {
    e.style.display = 'block';
    return 1;
  }
}

function toggleBox(szDivId, elem, msg1, msg2)
{
  var res = -1;  if (document.getElementById) {
    res = flip(document.getElementById(szDivId));
  }
  else if (document.all) {
    // this is the way old msie versions work
    res = flip(document.all[szDivId]);
  }
  if(elem) {
    if(res == 0) elem.innerHTML = msg1; else elem.innerHTML = msg2;
  }

}

function toggleAllBoxes() {
  if (document.getElementsByTagName) {
    d = document.getElementsByTagName('div');
    for (i = 0; i < d.length; i++) {
      if (d[i].className == 'log') {
        flip(d[i]);
      }
    }
  }
}

// -->
</script>

</head>
<body>
<h2 align='center'>Rediff Hybrid Practice Testcases</h2><table border='1' align="center">
<tr>
<td>Tests passed/Failed/Skipped:</td><td>20/1/1</td>
</tr><tr>
<td>Started on:</td><td>Thu Oct 05 01:09:11 PDT 2023</td>
</tr>
<tr><td>Total time:</td><td>166 seconds (166533 ms)</td>
</tr><tr>
<td>Included groups:</td><td></td>
</tr><tr>
<td>Excluded groups:</td><td></td>
</tr>
</table><p/>
<small><i>(Hover the method name to see the test class name)</i></small><p/>
<table width='100%' border='1' class='invocation-failed'>
<tr><td colspan='4' align='center'><b>FAILED CONFIGURATIONS</b></td></tr>
<tr><td><b>Test method</b></td>
<td><b>Attribute(s)</b></td>
<td width="30%"><b>Exception</b></td>
<td width="10%"><b>Time (seconds)</b></td>
<td><b>Instance</b></td>
</tr>
<tr>
<td title='com.qa.hybridpractice.testcases.HybridPractice_HomeTest.setUp()'><b>setUp</b><br>Test class: com.qa.hybridpractice.testcases.HybridPractice_HomeTest</td>
<td><div><pre>org.openqa.selenium.ElementClickInterceptedException: element click intercepted: Element &lt;a onclick=&quot;javascript:void(0)&quot; class=&quot;rd_logout&quot;&gt;...&lt;/a&gt; is not clickable at point (1561, 28). Other element would receive the click: &lt;div id=&quot;sright2div&quot; style=&quot;text-align:center;width:160px;overflow:hidden; background:#fff; height:calc(100vh - 20px)&quot;&gt;...&lt;/div&gt;
  (Session info: chrome=117.0.5938.149)
Build info: version: &apos;4.13.0&apos;, revision: &apos;ba948ece5b*&apos;
System info: os.name: &apos;Windows 11&apos;, os.arch: &apos;amd64&apos;, os.version: &apos;10.0&apos;, java.version: &apos;17.0.7&apos;
Driver info: org.openqa.selenium.chrome.ChromeDriver
Command: [1d653b1ab558b4f87518e6037f7abd54, clickElement {id=9163050F7A61025FC24C43F56C2B42B0_element_129}]
Capabilities {acceptInsecureCerts: false, browserName: chrome, browserVersion: 117.0.5938.149, chrome: {chromedriverVersion: 117.0.5938.149 (e3344ddefa1..., userDataDir: C:\Users\chowd\AppData\Loca...}, fedcm:accounts: true, goog:chromeOptions: {debuggerAddress: localhost:57360}, networkConnectionEnabled: false, pageLoadStrategy: eager, platformName: windows, proxy: Proxy(), se:cdp: ws://localhost:57360/devtoo..., se:cdpVersion: 117.0.5938.149, setWindowRect: true, strictFileInteractability: false, timeouts: {implicit: 0, pageLoad: 300000, script: 30000}, unhandledPromptBehavior: dismiss and notify, webauthn:extension:credBlob: true, webauthn:extension:largeBlob: true, webauthn:extension:minPinLength: true, webauthn:extension:prf: true, webauthn:virtualAuthenticators: true}
Element: [[ChromeDriver: chrome on windows (1d653b1ab558b4f87518e6037f7abd54)] -&gt; class name: rd_logout]
Session ID: 1d653b1ab558b4f87518e6037f7abd54
	at org.openqa.selenium.remote.codec.w3c.W3CHttpResponseCodec.createException(W3CHttpResponseCodec.java:200)
	at org.openqa.selenium.remote.codec.w3c.W3CHttpResponseCodec.decode(W3CHttpResponseCodec.java:133)
	at org.openqa.selenium.remote.codec.w3c.W3CHttpResponseCodec.decode(W3CHttpResponseCodec.java:52)
	at org.openqa.selenium.remote.HttpCommandExecutor.execute(HttpCommandExecutor.java:191)
	at org.openqa.selenium.remote.service.DriverCommandExecutor.invokeExecute(DriverCommandExecutor.java:196)
	at org.openqa.selenium.remote.service.DriverCommandExecutor.execute(DriverCommandExecutor.java:171)
	at org.openqa.selenium.remote.RemoteWebDriver.execute(RemoteWebDriver.java:602)
	at org.openqa.selenium.remote.RemoteWebElement.execute(RemoteWebElement.java:224)
	at org.openqa.selenium.remote.RemoteWebElement.click(RemoteWebElement.java:77)
	at org.openqa.selenium.support.pagefactory.internal.LocatingElementHandler.invoke(LocatingElementHandler.java:51)
	at jdk.proxy2/jdk.proxy2.$Proxy13.click(Unknown Source)
	at com.qa.hybridpractice.pages.HP_HomePageTest.clickOnLogOutButton(HP_HomePageTest.java:49)
	at com.qa.hybridpractice.testcases.HybridPractice_HomeTest.setUp(HybridPractice_HomeTest.java:32)
	at java.base/java.util.ArrayList.forEach(ArrayList.java:1511)
... Removed 43 stack frames</pre></div><a href='#' onClick='toggleBox("stack-trace200598670", this, "Click to show all stack frames", "Click to hide stack frames")'>Click to show all stack frames</a>
<div class='stack-trace' id='stack-trace200598670'><pre>org.openqa.selenium.ElementClickInterceptedException: element click intercepted: Element &lt;a onclick=&quot;javascript:void(0)&quot; class=&quot;rd_logout&quot;&gt;...&lt;/a&gt; is not clickable at point (1561, 28). Other element would receive the click: &lt;div id=&quot;sright2div&quot; style=&quot;text-align:center;width:160px;overflow:hidden; background:#fff; height:calc(100vh - 20px)&quot;&gt;...&lt;/div&gt;
  (Session info: chrome=117.0.5938.149)
Build info: version: &apos;4.13.0&apos;, revision: &apos;ba948ece5b*&apos;
System info: os.name: &apos;Windows 11&apos;, os.arch: &apos;amd64&apos;, os.version: &apos;10.0&apos;, java.version: &apos;17.0.7&apos;
Driver info: org.openqa.selenium.chrome.ChromeDriver
Command: [1d653b1ab558b4f87518e6037f7abd54, clickElement {id=9163050F7A61025FC24C43F56C2B42B0_element_129}]
Capabilities {acceptInsecureCerts: false, browserName: chrome, browserVersion: 117.0.5938.149, chrome: {chromedriverVersion: 117.0.5938.149 (e3344ddefa1..., userDataDir: C:\Users\chowd\AppData\Loca...}, fedcm:accounts: true, goog:chromeOptions: {debuggerAddress: localhost:57360}, networkConnectionEnabled: false, pageLoadStrategy: eager, platformName: windows, proxy: Proxy(), se:cdp: ws://localhost:57360/devtoo..., se:cdpVersion: 117.0.5938.149, setWindowRect: true, strictFileInteractability: false, timeouts: {implicit: 0, pageLoad: 300000, script: 30000}, unhandledPromptBehavior: dismiss and notify, webauthn:extension:credBlob: true, webauthn:extension:largeBlob: true, webauthn:extension:minPinLength: true, webauthn:extension:prf: true, webauthn:virtualAuthenticators: true}
Element: [[ChromeDriver: chrome on windows (1d653b1ab558b4f87518e6037f7abd54)] -&gt; class name: rd_logout]
Session ID: 1d653b1ab558b4f87518e6037f7abd54
	at java.base/jdk.internal.reflect.NativeConstructorAccessorImpl.newInstance0(Native Method)
	at java.base/jdk.internal.reflect.NativeConstructorAccessorImpl.newInstance(NativeConstructorAccessorImpl.java:77)
	at java.base/jdk.internal.reflect.DelegatingConstructorAccessorImpl.newInstance(DelegatingConstructorAccessorImpl.java:45)
	at java.base/java.lang.reflect.Constructor.newInstanceWithCaller(Constructor.java:499)
	at java.base/java.lang.reflect.Constructor.newInstance(Constructor.java:480)
	at org.openqa.selenium.remote.codec.w3c.W3CHttpResponseCodec.createException(W3CHttpResponseCodec.java:200)
	at org.openqa.selenium.remote.codec.w3c.W3CHttpResponseCodec.decode(W3CHttpResponseCodec.java:133)
	at org.openqa.selenium.remote.codec.w3c.W3CHttpResponseCodec.decode(W3CHttpResponseCodec.java:52)
	at org.openqa.selenium.remote.HttpCommandExecutor.execute(HttpCommandExecutor.java:191)
	at org.openqa.selenium.remote.service.DriverCommandExecutor.invokeExecute(DriverCommandExecutor.java:196)
	at org.openqa.selenium.remote.service.DriverCommandExecutor.execute(DriverCommandExecutor.java:171)
	at org.openqa.selenium.remote.RemoteWebDriver.execute(RemoteWebDriver.java:602)
	at org.openqa.selenium.remote.RemoteWebElement.execute(RemoteWebElement.java:224)
	at org.openqa.selenium.remote.RemoteWebElement.click(RemoteWebElement.java:77)
	at jdk.internal.reflect.GeneratedMethodAccessor2.invoke(Unknown Source)
	at java.base/jdk.internal.reflect.DelegatingMethodAccessorImpl.invoke(DelegatingMethodAccessorImpl.java:43)
	at java.base/java.lang.reflect.Method.invoke(Method.java:568)
	at org.openqa.selenium.support.pagefactory.internal.LocatingElementHandler.invoke(LocatingElementHandler.java:51)
	at jdk.proxy2/jdk.proxy2.$Proxy13.click(Unknown Source)
	at com.qa.hybridpractice.pages.HP_HomePageTest.clickOnLogOutButton(HP_HomePageTest.java:49)
	at com.qa.hybridpractice.testcases.HybridPractice_HomeTest.setUp(HybridPractice_HomeTest.java:32)
	at java.base/jdk.internal.reflect.NativeMethodAccessorImpl.invoke0(Native Method)
	at java.base/jdk.internal.reflect.NativeMethodAccessorImpl.invoke(NativeMethodAccessorImpl.java:77)
	at java.base/jdk.internal.reflect.DelegatingMethodAccessorImpl.invoke(DelegatingMethodAccessorImpl.java:43)
	at java.base/java.lang.reflect.Method.invoke(Method.java:568)
	at org.testng.internal.invokers.MethodInvocationHelper.invokeMethod(MethodInvocationHelper.java:139)
	at org.testng.internal.invokers.MethodInvocationHelper.invokeMethodConsideringTimeout(MethodInvocationHelper.java:69)
	at org.testng.internal.invokers.ConfigInvoker.invokeConfigurationMethod(ConfigInvoker.java:390)
	at org.testng.internal.invokers.ConfigInvoker.invokeConfigurations(ConfigInvoker.java:325)
	at org.testng.internal.invokers.TestInvoker.runConfigMethods(TestInvoker.java:810)
	at org.testng.internal.invokers.TestInvoker.invokeMethod(TestInvoker.java:577)
	at org.testng.internal.invokers.TestInvoker.invokeTestMethod(TestInvoker.java:227)
	at org.testng.internal.invokers.MethodRunner.runInSequence(MethodRunner.java:50)
	at org.testng.internal.invokers.TestInvoker$MethodInvocationAgent.invoke(TestInvoker.java:957)
	at org.testng.internal.invokers.TestInvoker.invokeTestMethods(TestInvoker.java:200)
	at org.testng.internal.invokers.TestMethodWorker.invokeTestMethods(TestMethodWorker.java:148)
	at org.testng.internal.invokers.TestMethodWorker.run(TestMethodWorker.java:128)
	at java.base/java.util.ArrayList.forEach(ArrayList.java:1511)
	at org.testng.TestRunner.privateRun(TestRunner.java:848)
	at org.testng.TestRunner.run(TestRunner.java:621)
	at org.testng.SuiteRunner.runTest(SuiteRunner.java:443)
	at org.testng.SuiteRunner.runSequentially(SuiteRunner.java:437)
	at org.testng.SuiteRunner.privateRun(SuiteRunner.java:397)
	at org.testng.SuiteRunner.run(SuiteRunner.java:336)
	at org.testng.SuiteRunnerWorker.runSuite(SuiteRunnerWorker.java:52)
	at org.testng.SuiteRunnerWorker.run(SuiteRunnerWorker.java:95)
	at org.testng.TestNG.runSuitesSequentially(TestNG.java:1280)
	at org.testng.TestNG.runSuitesLocally(TestNG.java:1200)
	at org.testng.TestNG.runSuites(TestNG.java:1114)
	at org.testng.TestNG.run(TestNG.java:1082)
	at org.apache.maven.surefire.testng.TestNGExecutor.run(TestNGExecutor.java:308)
	at org.apache.maven.surefire.testng.TestNGXmlTestSuite.execute(TestNGXmlTestSuite.java:71)
	at org.apache.maven.surefire.testng.TestNGProvider.invoke(TestNGProvider.java:113)
	at org.apache.maven.surefire.booter.ForkedBooter.runSuitesInProcess(ForkedBooter.java:385)
	at org.apache.maven.surefire.booter.ForkedBooter.execute(ForkedBooter.java:162)
	at org.apache.maven.surefire.booter.ForkedBooter.run(ForkedBooter.java:507)
	at org.apache.maven.surefire.booter.ForkedBooter.main(ForkedBooter.java:495)
</pre></div></td>
<td>10</td>
<td>com.qa.hybridpractice.testcases.HybridPractice_HomeTest@73a1e9a9</td></tr>
</table><p>
<table width='100%' border='1' class='invocation-skipped'>
<tr><td colspan='4' align='center'><b>SKIPPED CONFIGURATIONS</b></td></tr>
<tr><td><b>Test method</b></td>
<td><b>Attribute(s)</b></td>
<td width="30%"><b>Exception</b></td>
<td width="10%"><b>Time (seconds)</b></td>
<td><b>Instance</b></td>
</tr>
<tr>
<td title='com.qa.hybridpractice.testcases.HybridPractice_HomeTest.tearDown()'><b>tearDown</b><br>Test class: com.qa.hybridpractice.testcases.HybridPractice_HomeTest</td>
<td></td>
<td>0</td>
<td>com.qa.hybridpractice.testcases.HybridPractice_HomeTest@73a1e9a9</td></tr>
</table><p>
<table width='100%' border='1' class='invocation-failed'>
<tr><td colspan='4' align='center'><b>FAILED TESTS</b></td></tr>
<tr><td><b>Test method</b></td>
<td><b>Attribute(s)</b></td>
<td width="30%"><b>Exception</b></td>
<td width="10%"><b>Time (seconds)</b></td>
<td><b>Instance</b></td>
</tr>
<tr>
<td title='com.qa.hybridpractice.testcases.HybridPractice_LogOutTest.signOutMessageIsDisplayed()'><b>signOutMessageIsDisplayed</b><br>Test class: com.qa.hybridpractice.testcases.HybridPractice_LogOutTest</td>
<td><div><pre>org.openqa.selenium.ElementClickInterceptedException: element click intercepted: Element &lt;a onclick=&quot;javascript:void(0)&quot; class=&quot;rd_logout&quot;&gt;...&lt;/a&gt; is not clickable at point (1561, 28). Other element would receive the click: &lt;div id=&quot;sright2div&quot; style=&quot;text-align:center;width:160px;overflow:hidden; background:#fff; height:calc(100vh - 20px)&quot;&gt;...&lt;/div&gt;
  (Session info: chrome=117.0.5938.149)
Build info: version: &apos;4.13.0&apos;, revision: &apos;ba948ece5b*&apos;
System info: os.name: &apos;Windows 11&apos;, os.arch: &apos;amd64&apos;, os.version: &apos;10.0&apos;, java.version: &apos;17.0.7&apos;
Driver info: org.openqa.selenium.chrome.ChromeDriver
Command: [bd6ba14f4ef50234eaf92dd26d9ebc0f, clickElement {id=9696741D5005AA3213F844177E37E675_element_120}]
Capabilities {acceptInsecureCerts: false, browserName: chrome, browserVersion: 117.0.5938.149, chrome: {chromedriverVersion: 117.0.5938.149 (e3344ddefa1..., userDataDir: C:\Users\chowd\AppData\Loca...}, fedcm:accounts: true, goog:chromeOptions: {debuggerAddress: localhost:55479}, networkConnectionEnabled: false, pageLoadStrategy: eager, platformName: windows, proxy: Proxy(), se:cdp: ws://localhost:55479/devtoo..., se:cdpVersion: 117.0.5938.149, setWindowRect: true, strictFileInteractability: false, timeouts: {implicit: 0, pageLoad: 300000, script: 30000}, unhandledPromptBehavior: dismiss and notify, webauthn:extension:credBlob: true, webauthn:extension:largeBlob: true, webauthn:extension:minPinLength: true, webauthn:extension:prf: true, webauthn:virtualAuthenticators: true}
Element: [[ChromeDriver: chrome on windows (bd6ba14f4ef50234eaf92dd26d9ebc0f)] -&gt; css selector: a.rd_logout]
Session ID: bd6ba14f4ef50234eaf92dd26d9ebc0f
	at org.openqa.selenium.remote.codec.w3c.W3CHttpResponseCodec.createException(W3CHttpResponseCodec.java:200)
	at org.openqa.selenium.remote.codec.w3c.W3CHttpResponseCodec.decode(W3CHttpResponseCodec.java:133)
	at org.openqa.selenium.remote.codec.w3c.W3CHttpResponseCodec.decode(W3CHttpResponseCodec.java:52)
	at org.openqa.selenium.remote.HttpCommandExecutor.execute(HttpCommandExecutor.java:191)
	at org.openqa.selenium.remote.service.DriverCommandExecutor.invokeExecute(DriverCommandExecutor.java:196)
	at org.openqa.selenium.remote.service.DriverCommandExecutor.execute(DriverCommandExecutor.java:171)
	at org.openqa.selenium.remote.RemoteWebDriver.execute(RemoteWebDriver.java:602)
	at org.openqa.selenium.remote.RemoteWebElement.execute(RemoteWebElement.java:224)
	at org.openqa.selenium.remote.RemoteWebElement.click(RemoteWebElement.java:77)
	at org.openqa.selenium.support.pagefactory.internal.LocatingElementHandler.invoke(LocatingElementHandler.java:51)
	at jdk.proxy2/jdk.proxy2.$Proxy13.click(Unknown Source)
	at com.qa.hybridpractice.pages.HP_LogOutPageTest.clickOnLogOutButton(HP_LogOutPageTest.java:46)
	at com.qa.hybridpractice.testcases.HybridPractice_LogOutTest.signOutMessageIsDisplayed(HybridPractice_LogOutTest.java:38)
	at java.base/java.util.ArrayList.forEach(ArrayList.java:1511)
... Removed 40 stack frames</pre></div><a href='#' onClick='toggleBox("stack-trace193625667", this, "Click to show all stack frames", "Click to hide stack frames")'>Click to show all stack frames</a>
<div class='stack-trace' id='stack-trace193625667'><pre>org.openqa.selenium.ElementClickInterceptedException: element click intercepted: Element &lt;a onclick=&quot;javascript:void(0)&quot; class=&quot;rd_logout&quot;&gt;...&lt;/a&gt; is not clickable at point (1561, 28). Other element would receive the click: &lt;div id=&quot;sright2div&quot; style=&quot;text-align:center;width:160px;overflow:hidden; background:#fff; height:calc(100vh - 20px)&quot;&gt;...&lt;/div&gt;
  (Session info: chrome=117.0.5938.149)
Build info: version: &apos;4.13.0&apos;, revision: &apos;ba948ece5b*&apos;
System info: os.name: &apos;Windows 11&apos;, os.arch: &apos;amd64&apos;, os.version: &apos;10.0&apos;, java.version: &apos;17.0.7&apos;
Driver info: org.openqa.selenium.chrome.ChromeDriver
Command: [bd6ba14f4ef50234eaf92dd26d9ebc0f, clickElement {id=9696741D5005AA3213F844177E37E675_element_120}]
Capabilities {acceptInsecureCerts: false, browserName: chrome, browserVersion: 117.0.5938.149, chrome: {chromedriverVersion: 117.0.5938.149 (e3344ddefa1..., userDataDir: C:\Users\chowd\AppData\Loca...}, fedcm:accounts: true, goog:chromeOptions: {debuggerAddress: localhost:55479}, networkConnectionEnabled: false, pageLoadStrategy: eager, platformName: windows, proxy: Proxy(), se:cdp: ws://localhost:55479/devtoo..., se:cdpVersion: 117.0.5938.149, setWindowRect: true, strictFileInteractability: false, timeouts: {implicit: 0, pageLoad: 300000, script: 30000}, unhandledPromptBehavior: dismiss and notify, webauthn:extension:credBlob: true, webauthn:extension:largeBlob: true, webauthn:extension:minPinLength: true, webauthn:extension:prf: true, webauthn:virtualAuthenticators: true}
Element: [[ChromeDriver: chrome on windows (bd6ba14f4ef50234eaf92dd26d9ebc0f)] -&gt; css selector: a.rd_logout]
Session ID: bd6ba14f4ef50234eaf92dd26d9ebc0f
	at java.base/jdk.internal.reflect.NativeConstructorAccessorImpl.newInstance0(Native Method)
	at java.base/jdk.internal.reflect.NativeConstructorAccessorImpl.newInstance(NativeConstructorAccessorImpl.java:77)
	at java.base/jdk.internal.reflect.DelegatingConstructorAccessorImpl.newInstance(DelegatingConstructorAccessorImpl.java:45)
	at java.base/java.lang.reflect.Constructor.newInstanceWithCaller(Constructor.java:499)
	at java.base/java.lang.reflect.Constructor.newInstance(Constructor.java:480)
	at org.openqa.selenium.remote.codec.w3c.W3CHttpResponseCodec.createException(W3CHttpResponseCodec.java:200)
	at org.openqa.selenium.remote.codec.w3c.W3CHttpResponseCodec.decode(W3CHttpResponseCodec.java:133)
	at org.openqa.selenium.remote.codec.w3c.W3CHttpResponseCodec.decode(W3CHttpResponseCodec.java:52)
	at org.openqa.selenium.remote.HttpCommandExecutor.execute(HttpCommandExecutor.java:191)
	at org.openqa.selenium.remote.service.DriverCommandExecutor.invokeExecute(DriverCommandExecutor.java:196)
	at org.openqa.selenium.remote.service.DriverCommandExecutor.execute(DriverCommandExecutor.java:171)
	at org.openqa.selenium.remote.RemoteWebDriver.execute(RemoteWebDriver.java:602)
	at org.openqa.selenium.remote.RemoteWebElement.execute(RemoteWebElement.java:224)
	at org.openqa.selenium.remote.RemoteWebElement.click(RemoteWebElement.java:77)
	at java.base/jdk.internal.reflect.NativeMethodAccessorImpl.invoke0(Native Method)
	at java.base/jdk.internal.reflect.NativeMethodAccessorImpl.invoke(NativeMethodAccessorImpl.java:77)
	at java.base/jdk.internal.reflect.DelegatingMethodAccessorImpl.invoke(DelegatingMethodAccessorImpl.java:43)
	at java.base/java.lang.reflect.Method.invoke(Method.java:568)
	at org.openqa.selenium.support.pagefactory.internal.LocatingElementHandler.invoke(LocatingElementHandler.java:51)
	at jdk.proxy2/jdk.proxy2.$Proxy13.click(Unknown Source)
	at com.qa.hybridpractice.pages.HP_LogOutPageTest.clickOnLogOutButton(HP_LogOutPageTest.java:46)
	at com.qa.hybridpractice.testcases.HybridPractice_LogOutTest.signOutMessageIsDisplayed(HybridPractice_LogOutTest.java:38)
	at java.base/jdk.internal.reflect.NativeMethodAccessorImpl.invoke0(Native Method)
	at java.base/jdk.internal.reflect.NativeMethodAccessorImpl.invoke(NativeMethodAccessorImpl.java:77)
	at java.base/jdk.internal.reflect.DelegatingMethodAccessorImpl.invoke(DelegatingMethodAccessorImpl.java:43)
	at java.base/java.lang.reflect.Method.invoke(Method.java:568)
	at org.testng.internal.invokers.MethodInvocationHelper.invokeMethod(MethodInvocationHelper.java:139)
	at org.testng.internal.invokers.TestInvoker.invokeMethod(TestInvoker.java:664)
	at org.testng.internal.invokers.TestInvoker.invokeTestMethod(TestInvoker.java:227)
	at org.testng.internal.invokers.MethodRunner.runInSequence(MethodRunner.java:50)
	at org.testng.internal.invokers.TestInvoker$MethodInvocationAgent.invoke(TestInvoker.java:957)
	at org.testng.internal.invokers.TestInvoker.invokeTestMethods(TestInvoker.java:200)
	at org.testng.internal.invokers.TestMethodWorker.invokeTestMethods(TestMethodWorker.java:148)
	at org.testng.internal.invokers.TestMethodWorker.run(TestMethodWorker.java:128)
	at java.base/java.util.ArrayList.forEach(ArrayList.java:1511)
	at org.testng.TestRunner.privateRun(TestRunner.java:848)
	at org.testng.TestRunner.run(TestRunner.java:621)
	at org.testng.SuiteRunner.runTest(SuiteRunner.java:443)
	at org.testng.SuiteRunner.runSequentially(SuiteRunner.java:437)
	at org.testng.SuiteRunner.privateRun(SuiteRunner.java:397)
	at org.testng.SuiteRunner.run(SuiteRunner.java:336)
	at org.testng.SuiteRunnerWorker.runSuite(SuiteRunnerWorker.java:52)
	at org.testng.SuiteRunnerWorker.run(SuiteRunnerWorker.java:95)
	at org.testng.TestNG.runSuitesSequentially(TestNG.java:1280)
	at org.testng.TestNG.runSuitesLocally(TestNG.java:1200)
	at org.testng.TestNG.runSuites(TestNG.java:1114)
	at org.testng.TestNG.run(TestNG.java:1082)
	at org.apache.maven.surefire.testng.TestNGExecutor.run(TestNGExecutor.java:308)
	at org.apache.maven.surefire.testng.TestNGXmlTestSuite.execute(TestNGXmlTestSuite.java:71)
	at org.apache.maven.surefire.testng.TestNGProvider.invoke(TestNGProvider.java:113)
	at org.apache.maven.surefire.booter.ForkedBooter.runSuitesInProcess(ForkedBooter.java:385)
	at org.apache.maven.surefire.booter.ForkedBooter.execute(ForkedBooter.java:162)
	at org.apache.maven.surefire.booter.ForkedBooter.run(ForkedBooter.java:507)
	at org.apache.maven.surefire.booter.ForkedBooter.main(ForkedBooter.java:495)
</pre></div></td>
<td>5</td>
<td>com.qa.hybridpractice.testcases.HybridPractice_LogOutTest@55183b20</td></tr>
</table><p>
<table width='100%' border='1' class='invocation-passed'>
<tr><td colspan='4' align='center'><b>PASSED TESTS</b></td></tr>
<tr><td><b>Test method</b></td>
<td><b>Attribute(s)</b></td>
<td width="30%"><b>Exception</b></td>
<td width="10%"><b>Time (seconds)</b></td>
<td><b>Instance</b></td>
</tr>
<tr>
<td title='com.qa.hybridpractice.testcases.HybridPractice_LoginTests.logInWithValidCredentialsUsingDataProviderExcelSheet()'><b>logInWithValidCredentialsUsingDataProviderExcelSheet</b><br>Test class: com.qa.hybridpractice.testcases.HybridPractice_LoginTests<br>Parameters: Mohamedboudguig@rediffmail.com, Medbdg0707@</td>
<td></td>
<td>6</td>
<td>com.qa.hybridpractice.testcases.HybridPractice_LoginTests@14cd1699</td></tr>
<tr>
<td title='com.qa.hybridpractice.testcases.HybridPractice_LoginTests.logInWithValidCredentialsUsingDataProvider()'><b>logInWithValidCredentialsUsingDataProvider</b><br>Test class: com.qa.hybridpractice.testcases.HybridPractice_LoginTests<br>Parameters: Mohamedboudguig@rediffmail.com, Medbdg0707@</td>
<td></td>
<td>5</td>
<td>com.qa.hybridpractice.testcases.HybridPractice_LoginTests@14cd1699</td></tr>
<tr>
<td title='com.qa.hybridpractice.testcases.HybridPractice_LoginTests.logInWithValidCredentialsUsingDataProviderExcelSheet()'><b>logInWithValidCredentialsUsingDataProviderExcelSheet</b><br>Test class: com.qa.hybridpractice.testcases.HybridPractice_LoginTests<br>Parameters: chowdhurygs@rediffmail.com, Shajlee1@</td>
<td></td>
<td>5</td>
<td>com.qa.hybridpractice.testcases.HybridPractice_LoginTests@14cd1699</td></tr>
<tr>
<td title='com.qa.hybridpractice.testcases.HybridPractice_LandingTest.signInButtonIsDisplayedAndEnabled()'><b>signInButtonIsDisplayedAndEnabled</b><br>Test class: com.qa.hybridpractice.testcases.HybridPractice_LandingTest</td>
<td></td>
<td>0</td>
<td>com.qa.hybridpractice.testcases.HybridPractice_LandingTest@4218d6a3</td></tr>
<tr>
<td title='com.qa.hybridpractice.testcases.HybridPractice_LoginTests.logInWithValidCredentialsUsingDataProvider()'><b>logInWithValidCredentialsUsingDataProvider</b><br>Test class: com.qa.hybridpractice.testcases.HybridPractice_LoginTests<br>Parameters: sarthakkumarpanda@rediffmail.com, Selenium@123</td>
<td></td>
<td>5</td>
<td>com.qa.hybridpractice.testcases.HybridPractice_LoginTests@14cd1699</td></tr>
<tr>
<td title='com.qa.hybridpractice.testcases.HybridPractice_LoginTests.logInWithValidCredentialsUsingDataProviderExcelSheet()'><b>logInWithValidCredentialsUsingDataProviderExcelSheet</b><br>Test class: com.qa.hybridpractice.testcases.HybridPractice_LoginTests<br>Parameters: sarthakkumarpanda@rediffmail.com, Selenium@123</td>
<td></td>
<td>6</td>
<td>com.qa.hybridpractice.testcases.HybridPractice_LoginTests@14cd1699</td></tr>
<tr>
<td title='com.qa.hybridpractice.testcases.HybridPractice_LoginTests.logInWithNotCredentials()'><b>logInWithNotCredentials</b><br>Test class: com.qa.hybridpractice.testcases.HybridPractice_LoginTests</td>
<td></td>
<td>0</td>
<td>com.qa.hybridpractice.testcases.HybridPractice_LoginTests@14cd1699</td></tr>
<tr>
<td title='com.qa.hybridpractice.testcases.HybridPractice_LoginTests.logInWithValidCredentialsUsingDataProviderExcelSheet()'><b>logInWithValidCredentialsUsingDataProviderExcelSheet</b><br>Test class: com.qa.hybridpractice.testcases.HybridPractice_LoginTests<br>Parameters: seleniumpanda@rediffmail.com, Selenium@123</td>
<td></td>
<td>3</td>
<td>com.qa.hybridpractice.testcases.HybridPractice_LoginTests@14cd1699</td></tr>
<tr>
<td title='com.qa.hybridpractice.testcases.HybridPractice_LoginTests.loginWithValidUsernameInvalidPassword()'><b>loginWithValidUsernameInvalidPassword</b><br>Test class: com.qa.hybridpractice.testcases.HybridPractice_LoginTests</td>
<td></td>
<td>0</td>
<td>com.qa.hybridpractice.testcases.HybridPractice_LoginTests@14cd1699</td></tr>
<tr>
<td title='com.qa.hybridpractice.testcases.HybridPractice_LoginTests.logInWithValidCredentialsUsingDataProvider()'><b>logInWithValidCredentialsUsingDataProvider</b><br>Test class: com.qa.hybridpractice.testcases.HybridPractice_LoginTests<br>Parameters: seleniumpanda@rediffmail.com, Selenium@123</td>
<td></td>
<td>4</td>
<td>com.qa.hybridpractice.testcases.HybridPractice_LoginTests@14cd1699</td></tr>
<tr>
<td title='com.qa.hybridpractice.testcases.HybridPractice_InboxTest.presenceOfInboxButton()'><b>presenceOfInboxButton</b><br>Test class: com.qa.hybridpractice.testcases.HybridPractice_InboxTest</td>
<td></td>
<td>4</td>
<td>com.qa.hybridpractice.testcases.HybridPractice_InboxTest@77888435</td></tr>
<tr>
<td title='com.qa.hybridpractice.testcases.HybridPractice_LandingTest.validateTitleAndCurrentUrl()'><b>validateTitleAndCurrentUrl</b><br>Test class: com.qa.hybridpractice.testcases.HybridPractice_LandingTest</td>
<td></td>
<td>0</td>
<td>com.qa.hybridpractice.testcases.HybridPractice_LandingTest@4218d6a3</td></tr>
<tr>
<td title='com.qa.hybridpractice.testcases.HybridPractice_LoginTests.logInWithValidCredentialsUsingDataProviderExcelSheet()'><b>logInWithValidCredentialsUsingDataProviderExcelSheet</b><br>Test class: com.qa.hybridpractice.testcases.HybridPractice_LoginTests<br>Parameters: seleniumpanda1@rediffmail.com, Donkey@123</td>
<td></td>
<td>3</td>
<td>com.qa.hybridpractice.testcases.HybridPractice_LoginTests@14cd1699</td></tr>
<tr>
<td title='com.qa.hybridpractice.testcases.HybridPractice_SignInLinkTest.clickOnSignInLink()'><b>clickOnSignInLink</b><br>Test class: com.qa.hybridpractice.testcases.HybridPractice_SignInLinkTest</td>
<td></td>
<td>1</td>
<td>com.qa.hybridpractice.testcases.HybridPractice_SignInLinkTest@76505305</td></tr>
<tr>
<td title='com.qa.hybridpractice.testcases.HybridPractice_LoginTests.logInWithInvalidCredentials()'><b>logInWithInvalidCredentials</b><br>Test class: com.qa.hybridpractice.testcases.HybridPractice_LoginTests</td>
<td></td>
<td>0</td>
<td>com.qa.hybridpractice.testcases.HybridPractice_LoginTests@14cd1699</td></tr>
<tr>
<td title='com.qa.hybridpractice.testcases.HybridPractice_LinkTests.linkTests()'><b>linkTests</b><br>Test class: com.qa.hybridpractice.testcases.HybridPractice_LinkTests</td>
<td></td>
<td>10</td>
<td>com.qa.hybridpractice.testcases.HybridPractice_LinkTests@71d44a3</td></tr>
<tr>
<td title='com.qa.hybridpractice.testcases.HybridPractice_LandingTest.rediffLogoIsDisplayed()'><b>rediffLogoIsDisplayed</b><br>Test class: com.qa.hybridpractice.testcases.HybridPractice_LandingTest</td>
<td></td>
<td>0</td>
<td>com.qa.hybridpractice.testcases.HybridPractice_LandingTest@4218d6a3</td></tr>
<tr>
<td title='com.qa.hybridpractice.testcases.HybridPractice_LoginTests.logInWithValidCredentialsUsingDataProvider()'><b>logInWithValidCredentialsUsingDataProvider</b><br>Test class: com.qa.hybridpractice.testcases.HybridPractice_LoginTests<br>Parameters: chowdhurygs@rediffmail.com, Shajlee1@</td>
<td></td>
<td>5</td>
<td>com.qa.hybridpractice.testcases.HybridPractice_LoginTests@14cd1699</td></tr>
<tr>
<td title='com.qa.hybridpractice.testcases.HybridPractice_LoginTests.logInWithValidCredentialsUsingDataProvider()'><b>logInWithValidCredentialsUsingDataProvider</b><br>Test class: com.qa.hybridpractice.testcases.HybridPractice_LoginTests<br>Parameters: seleniumpanda1@rediffmail.com, Donkey@123</td>
<td></td>
<td>3</td>
<td>com.qa.hybridpractice.testcases.HybridPractice_LoginTests@14cd1699</td></tr>
<tr>
<td title='com.qa.hybridpractice.testcases.HybridPractice_LoginTests.logInWithInvalidUsernameValidPassword()'><b>logInWithInvalidUsernameValidPassword</b><br>Test class: com.qa.hybridpractice.testcases.HybridPractice_LoginTests</td>
<td></td>
<td>0</td>
<td>com.qa.hybridpractice.testcases.HybridPractice_LoginTests@14cd1699</td></tr>
</table><p>
<table width='100%' border='1' class='invocation-skipped'>
<tr><td colspan='4' align='center'><b>SKIPPED TESTS</b></td></tr>
<tr><td><b>Test method</b></td>
<td><b>Attribute(s)</b></td>
<td width="30%"><b>Exception</b></td>
<td width="10%"><b>Time (seconds)</b></td>
<td><b>Instance</b></td>
</tr>
<tr>
<td title='com.qa.hybridpractice.testcases.HybridPractice_HomeTest.presenceOfRediffLogo()'><b>presenceOfRediffLogo</b><br>Test class: com.qa.hybridpractice.testcases.HybridPractice_HomeTest</td>
<td><div><pre>org.openqa.selenium.ElementClickInterceptedException: element click intercepted: Element &lt;a onclick=&quot;javascript:void(0)&quot; class=&quot;rd_logout&quot;&gt;...&lt;/a&gt; is not clickable at point (1561, 28). Other element would receive the click: &lt;div id=&quot;sright2div&quot; style=&quot;text-align:center;width:160px;overflow:hidden; background:#fff; height:calc(100vh - 20px)&quot;&gt;...&lt;/div&gt;
  (Session info: chrome=117.0.5938.149)
Build info: version: &apos;4.13.0&apos;, revision: &apos;ba948ece5b*&apos;
System info: os.name: &apos;Windows 11&apos;, os.arch: &apos;amd64&apos;, os.version: &apos;10.0&apos;, java.version: &apos;17.0.7&apos;
Driver info: org.openqa.selenium.chrome.ChromeDriver
Command: [1d653b1ab558b4f87518e6037f7abd54, clickElement {id=9163050F7A61025FC24C43F56C2B42B0_element_129}]
Capabilities {acceptInsecureCerts: false, browserName: chrome, browserVersion: 117.0.5938.149, chrome: {chromedriverVersion: 117.0.5938.149 (e3344ddefa1..., userDataDir: C:\Users\chowd\AppData\Loca...}, fedcm:accounts: true, goog:chromeOptions: {debuggerAddress: localhost:57360}, networkConnectionEnabled: false, pageLoadStrategy: eager, platformName: windows, proxy: Proxy(), se:cdp: ws://localhost:57360/devtoo..., se:cdpVersion: 117.0.5938.149, setWindowRect: true, strictFileInteractability: false, timeouts: {implicit: 0, pageLoad: 300000, script: 30000}, unhandledPromptBehavior: dismiss and notify, webauthn:extension:credBlob: true, webauthn:extension:largeBlob: true, webauthn:extension:minPinLength: true, webauthn:extension:prf: true, webauthn:virtualAuthenticators: true}
Element: [[ChromeDriver: chrome on windows (1d653b1ab558b4f87518e6037f7abd54)] -&gt; class name: rd_logout]
Session ID: 1d653b1ab558b4f87518e6037f7abd54
	at org.openqa.selenium.remote.codec.w3c.W3CHttpResponseCodec.createException(W3CHttpResponseCodec.java:200)
	at org.openqa.selenium.remote.codec.w3c.W3CHttpResponseCodec.decode(W3CHttpResponseCodec.java:133)
	at org.openqa.selenium.remote.codec.w3c.W3CHttpResponseCodec.decode(W3CHttpResponseCodec.java:52)
	at org.openqa.selenium.remote.HttpCommandExecutor.execute(HttpCommandExecutor.java:191)
	at org.openqa.selenium.remote.service.DriverCommandExecutor.invokeExecute(DriverCommandExecutor.java:196)
	at org.openqa.selenium.remote.service.DriverCommandExecutor.execute(DriverCommandExecutor.java:171)
	at org.openqa.selenium.remote.RemoteWebDriver.execute(RemoteWebDriver.java:602)
	at org.openqa.selenium.remote.RemoteWebElement.execute(RemoteWebElement.java:224)
	at org.openqa.selenium.remote.RemoteWebElement.click(RemoteWebElement.java:77)
	at org.openqa.selenium.support.pagefactory.internal.LocatingElementHandler.invoke(LocatingElementHandler.java:51)
	at jdk.proxy2/jdk.proxy2.$Proxy13.click(Unknown Source)
	at com.qa.hybridpractice.pages.HP_HomePageTest.clickOnLogOutButton(HP_HomePageTest.java:49)
	at com.qa.hybridpractice.testcases.HybridPractice_HomeTest.setUp(HybridPractice_HomeTest.java:32)
	at java.base/java.util.ArrayList.forEach(ArrayList.java:1511)
... Removed 43 stack frames</pre></div><a href='#' onClick='toggleBox("stack-trace1555985081", this, "Click to show all stack frames", "Click to hide stack frames")'>Click to show all stack frames</a>
<div class='stack-trace' id='stack-trace1555985081'><pre>org.openqa.selenium.ElementClickInterceptedException: element click intercepted: Element &lt;a onclick=&quot;javascript:void(0)&quot; class=&quot;rd_logout&quot;&gt;...&lt;/a&gt; is not clickable at point (1561, 28). Other element would receive the click: &lt;div id=&quot;sright2div&quot; style=&quot;text-align:center;width:160px;overflow:hidden; background:#fff; height:calc(100vh - 20px)&quot;&gt;...&lt;/div&gt;
  (Session info: chrome=117.0.5938.149)
Build info: version: &apos;4.13.0&apos;, revision: &apos;ba948ece5b*&apos;
System info: os.name: &apos;Windows 11&apos;, os.arch: &apos;amd64&apos;, os.version: &apos;10.0&apos;, java.version: &apos;17.0.7&apos;
Driver info: org.openqa.selenium.chrome.ChromeDriver
Command: [1d653b1ab558b4f87518e6037f7abd54, clickElement {id=9163050F7A61025FC24C43F56C2B42B0_element_129}]
Capabilities {acceptInsecureCerts: false, browserName: chrome, browserVersion: 117.0.5938.149, chrome: {chromedriverVersion: 117.0.5938.149 (e3344ddefa1..., userDataDir: C:\Users\chowd\AppData\Loca...}, fedcm:accounts: true, goog:chromeOptions: {debuggerAddress: localhost:57360}, networkConnectionEnabled: false, pageLoadStrategy: eager, platformName: windows, proxy: Proxy(), se:cdp: ws://localhost:57360/devtoo..., se:cdpVersion: 117.0.5938.149, setWindowRect: true, strictFileInteractability: false, timeouts: {implicit: 0, pageLoad: 300000, script: 30000}, unhandledPromptBehavior: dismiss and notify, webauthn:extension:credBlob: true, webauthn:extension:largeBlob: true, webauthn:extension:minPinLength: true, webauthn:extension:prf: true, webauthn:virtualAuthenticators: true}
Element: [[ChromeDriver: chrome on windows (1d653b1ab558b4f87518e6037f7abd54)] -&gt; class name: rd_logout]
Session ID: 1d653b1ab558b4f87518e6037f7abd54
	at java.base/jdk.internal.reflect.NativeConstructorAccessorImpl.newInstance0(Native Method)
	at java.base/jdk.internal.reflect.NativeConstructorAccessorImpl.newInstance(NativeConstructorAccessorImpl.java:77)
	at java.base/jdk.internal.reflect.DelegatingConstructorAccessorImpl.newInstance(DelegatingConstructorAccessorImpl.java:45)
	at java.base/java.lang.reflect.Constructor.newInstanceWithCaller(Constructor.java:499)
	at java.base/java.lang.reflect.Constructor.newInstance(Constructor.java:480)
	at org.openqa.selenium.remote.codec.w3c.W3CHttpResponseCodec.createException(W3CHttpResponseCodec.java:200)
	at org.openqa.selenium.remote.codec.w3c.W3CHttpResponseCodec.decode(W3CHttpResponseCodec.java:133)
	at org.openqa.selenium.remote.codec.w3c.W3CHttpResponseCodec.decode(W3CHttpResponseCodec.java:52)
	at org.openqa.selenium.remote.HttpCommandExecutor.execute(HttpCommandExecutor.java:191)
	at org.openqa.selenium.remote.service.DriverCommandExecutor.invokeExecute(DriverCommandExecutor.java:196)
	at org.openqa.selenium.remote.service.DriverCommandExecutor.execute(DriverCommandExecutor.java:171)
	at org.openqa.selenium.remote.RemoteWebDriver.execute(RemoteWebDriver.java:602)
	at org.openqa.selenium.remote.RemoteWebElement.execute(RemoteWebElement.java:224)
	at org.openqa.selenium.remote.RemoteWebElement.click(RemoteWebElement.java:77)
	at jdk.internal.reflect.GeneratedMethodAccessor2.invoke(Unknown Source)
	at java.base/jdk.internal.reflect.DelegatingMethodAccessorImpl.invoke(DelegatingMethodAccessorImpl.java:43)
	at java.base/java.lang.reflect.Method.invoke(Method.java:568)
	at org.openqa.selenium.support.pagefactory.internal.LocatingElementHandler.invoke(LocatingElementHandler.java:51)
	at jdk.proxy2/jdk.proxy2.$Proxy13.click(Unknown Source)
	at com.qa.hybridpractice.pages.HP_HomePageTest.clickOnLogOutButton(HP_HomePageTest.java:49)
	at com.qa.hybridpractice.testcases.HybridPractice_HomeTest.setUp(HybridPractice_HomeTest.java:32)
	at java.base/jdk.internal.reflect.NativeMethodAccessorImpl.invoke0(Native Method)
	at java.base/jdk.internal.reflect.NativeMethodAccessorImpl.invoke(NativeMethodAccessorImpl.java:77)
	at java.base/jdk.internal.reflect.DelegatingMethodAccessorImpl.invoke(DelegatingMethodAccessorImpl.java:43)
	at java.base/java.lang.reflect.Method.invoke(Method.java:568)
	at org.testng.internal.invokers.MethodInvocationHelper.invokeMethod(MethodInvocationHelper.java:139)
	at org.testng.internal.invokers.MethodInvocationHelper.invokeMethodConsideringTimeout(MethodInvocationHelper.java:69)
	at org.testng.internal.invokers.ConfigInvoker.invokeConfigurationMethod(ConfigInvoker.java:390)
	at org.testng.internal.invokers.ConfigInvoker.invokeConfigurations(ConfigInvoker.java:325)
	at org.testng.internal.invokers.TestInvoker.runConfigMethods(TestInvoker.java:810)
	at org.testng.internal.invokers.TestInvoker.invokeMethod(TestInvoker.java:577)
	at org.testng.internal.invokers.TestInvoker.invokeTestMethod(TestInvoker.java:227)
	at org.testng.internal.invokers.MethodRunner.runInSequence(MethodRunner.java:50)
	at org.testng.internal.invokers.TestInvoker$MethodInvocationAgent.invoke(TestInvoker.java:957)
	at org.testng.internal.invokers.TestInvoker.invokeTestMethods(TestInvoker.java:200)
	at org.testng.internal.invokers.TestMethodWorker.invokeTestMethods(TestMethodWorker.java:148)
	at org.testng.internal.invokers.TestMethodWorker.run(TestMethodWorker.java:128)
	at java.base/java.util.ArrayList.forEach(ArrayList.java:1511)
	at org.testng.TestRunner.privateRun(TestRunner.java:848)
	at org.testng.TestRunner.run(TestRunner.java:621)
	at org.testng.SuiteRunner.runTest(SuiteRunner.java:443)
	at org.testng.SuiteRunner.runSequentially(SuiteRunner.java:437)
	at org.testng.SuiteRunner.privateRun(SuiteRunner.java:397)
	at org.testng.SuiteRunner.run(SuiteRunner.java:336)
	at org.testng.SuiteRunnerWorker.runSuite(SuiteRunnerWorker.java:52)
	at org.testng.SuiteRunnerWorker.run(SuiteRunnerWorker.java:95)
	at org.testng.TestNG.runSuitesSequentially(TestNG.java:1280)
	at org.testng.TestNG.runSuitesLocally(TestNG.java:1200)
	at org.testng.TestNG.runSuites(TestNG.java:1114)
	at org.testng.TestNG.run(TestNG.java:1082)
	at org.apache.maven.surefire.testng.TestNGExecutor.run(TestNGExecutor.java:308)
	at org.apache.maven.surefire.testng.TestNGXmlTestSuite.execute(TestNGXmlTestSuite.java:71)
	at org.apache.maven.surefire.testng.TestNGProvider.invoke(TestNGProvider.java:113)
	at org.apache.maven.surefire.booter.ForkedBooter.runSuitesInProcess(ForkedBooter.java:385)
	at org.apache.maven.surefire.booter.ForkedBooter.execute(ForkedBooter.java:162)
	at org.apache.maven.surefire.booter.ForkedBooter.run(ForkedBooter.java:507)
	at org.apache.maven.surefire.booter.ForkedBooter.main(ForkedBooter.java:495)
</pre></div></td>
<td>0</td>
<td>com.qa.hybridpractice.testcases.HybridPractice_HomeTest@73a1e9a9</td></tr>
</table><p>
</body>
</html>