<?xml version="1.0" encoding="UTF-8"?>
<!-- Generated by org.testng.reporters.JUnitXMLReporter -->
<testsuite ignored="0" hostname="LAPTOP-PLNO5R2G" failures="1" tests="22" name="Rediff Hybrid Practice Testcases" time="166.533" errors="0" timestamp="2023-10-05T01:11:58 PDT">
  <testcase classname="com.qa.hybridpractice.testcases.HybridPractice_HomeTest" name="@BeforeMethod setUp" time="10.501">
    <failure type="org.openqa.selenium.ElementClickInterceptedException" message="element click intercepted: Element &amp;lt;a onclick=&amp;quot;javascript:void(0)&amp;quot; class=&amp;quot;rd_logout&amp;quot;&amp;gt;...&amp;lt;/a&amp;gt; is not clickable at point (1561, 28). Other element would receive the click: &amp;lt;div id=&amp;quot;sright2div&amp;quot; style=&amp;quot;text-align:center;width:160px;overflow:hidden; background:#fff; height:calc(100vh - 20px)&amp;quot;&amp;gt;...&amp;lt;/div&amp;gt;
  (Session info: chrome=117.0.5938.149)
Build info: version: &amp;apos;4.13.0&amp;apos;, revision: &amp;apos;ba948ece5b*&amp;apos;
System info: os.name: &amp;apos;Windows 11&amp;apos;, os.arch: &amp;apos;amd64&amp;apos;, os.version: &amp;apos;10.0&amp;apos;, java.version: &amp;apos;17.0.7&amp;apos;
Driver info: org.openqa.selenium.chrome.ChromeDriver
Command: [1d653b1ab558b4f87518e6037f7abd54, clickElement {id=9163050F7A61025FC24C43F56C2B42B0_element_129}]
Capabilities {acceptInsecureCerts: false, browserName: chrome, browserVersion: 117.0.5938.149, chrome: {chromedriverVersion: 117.0.5938.149 (e3344ddefa1..., userDataDir: C:\Users\chowd\AppData\Loca...}, fedcm:accounts: true, goog:chromeOptions: {debuggerAddress: localhost:57360}, networkConnectionEnabled: false, pageLoadStrategy: eager, platformName: windows, proxy: Proxy(), se:cdp: ws://localhost:57360/devtoo..., se:cdpVersion: 117.0.5938.149, setWindowRect: true, strictFileInteractability: false, timeouts: {implicit: 0, pageLoad: 300000, script: 30000}, unhandledPromptBehavior: dismiss and notify, webauthn:extension:credBlob: true, webauthn:extension:largeBlob: true, webauthn:extension:minPinLength: true, webauthn:extension:prf: true, webauthn:virtualAuthenticators: true}
Element: [[ChromeDriver: chrome on windows (1d653b1ab558b4f87518e6037f7abd54)] -&amp;gt; class name: rd_logout]
Session ID: 1d653b1ab558b4f87518e6037f7abd54">
      <![CDATA[org.openqa.selenium.ElementClickInterceptedException: element click intercepted: Element <a onclick="javascript:void(0)" class="rd_logout">...</a> is not clickable at point (1561, 28). Other element would receive the click: <div id="sright2div" style="text-align:center;width:160px;overflow:hidden; background:#fff; height:calc(100vh - 20px)">...</div>
  (Session info: chrome=117.0.5938.149)
Build info: version: '4.13.0', revision: 'ba948ece5b*'
System info: os.name: 'Windows 11', os.arch: 'amd64', os.version: '10.0', java.version: '17.0.7'
Driver info: org.openqa.selenium.chrome.ChromeDriver
Command: [1d653b1ab558b4f87518e6037f7abd54, clickElement {id=9163050F7A61025FC24C43F56C2B42B0_element_129}]
Capabilities {acceptInsecureCerts: false, browserName: chrome, browserVersion: 117.0.5938.149, chrome: {chromedriverVersion: 117.0.5938.149 (e3344ddefa1..., userDataDir: C:\Users\chowd\AppData\Loca...}, fedcm:accounts: true, goog:chromeOptions: {debuggerAddress: localhost:57360}, networkConnectionEnabled: false, pageLoadStrategy: eager, platformName: windows, proxy: Proxy(), se:cdp: ws://localhost:57360/devtoo..., se:cdpVersion: 117.0.5938.149, setWindowRect: true, strictFileInteractability: false, timeouts: {implicit: 0, pageLoad: 300000, script: 30000}, unhandledPromptBehavior: dismiss and notify, webauthn:extension:credBlob: true, webauthn:extension:largeBlob: true, webauthn:extension:minPinLength: true, webauthn:extension:prf: true, webauthn:virtualAuthenticators: true}
Element: [[ChromeDriver: chrome on windows (1d653b1ab558b4f87518e6037f7abd54)] -> class name: rd_logout]
Session ID: 1d653b1ab558b4f87518e6037f7abd54
at org.openqa.selenium.remote.codec.w3c.W3CHttpResponseCodec.createException(W3CHttpResponseCodec.java:200)
at org.openqa.selenium.remote.codec.w3c.W3CHttpResponseCodec.decode(W3CHttpResponseCodec.java:133)
at org.openqa.selenium.remote.codec.w3c.W3CHttpResponseCodec.decode(W3CHttpResponseCodec.java:52)
at org.openqa.selenium.remote.HttpCommandExecutor.execute(HttpCommandExecutor.java:191)
at org.openqa.selenium.remote.service.DriverCommandExecutor.invokeExecute(DriverCommandExecutor.java:196)
at org.openqa.selenium.remote.service.DriverCommandExecutor.execute(DriverCommandExecutor.java:171)
at org.openqa.selenium.remote.RemoteWebDriver.execute(RemoteWebDriver.java:602)
at org.openqa.selenium.remote.RemoteWebElement.execute(RemoteWebElement.java:224)
at org.openqa.selenium.remote.RemoteWebElement.click(RemoteWebElement.java:77)
at org.openqa.selenium.support.pagefactory.internal.LocatingElementHandler.invoke(LocatingElementHandler.java:51)
at jdk.proxy2/jdk.proxy2.$Proxy13.click(Unknown Source)
at com.qa.hybridpractice.pages.HP_HomePageTest.clickOnLogOutButton(HP_HomePageTest.java:49)
at com.qa.hybridpractice.testcases.HybridPractice_HomeTest.setUp(HybridPractice_HomeTest.java:32)
at java.base/java.util.ArrayList.forEach(ArrayList.java:1511)
... Removed 43 stack frames]]>
    </failure>
  </testcase> <!-- @BeforeMethod setUp -->
  <testcase classname="com.qa.hybridpractice.testcases.HybridPractice_HomeTest" name="@AfterMethod tearDown" time="0.0">
    <skipped/>
  </testcase> <!-- @AfterMethod tearDown -->
  <testcase classname="com.qa.hybridpractice.testcases.HybridPractice_LogOutTest" name="signOutMessageIsDisplayed" time="5.299">
    <failure type="org.openqa.selenium.ElementClickInterceptedException" message="element click intercepted: Element &amp;lt;a onclick=&amp;quot;javascript:void(0)&amp;quot; class=&amp;quot;rd_logout&amp;quot;&amp;gt;...&amp;lt;/a&amp;gt; is not clickable at point (1561, 28). Other element would receive the click: &amp;lt;div id=&amp;quot;sright2div&amp;quot; style=&amp;quot;text-align:center;width:160px;overflow:hidden; background:#fff; height:calc(100vh - 20px)&amp;quot;&amp;gt;...&amp;lt;/div&amp;gt;
  (Session info: chrome=117.0.5938.149)
Build info: version: &amp;apos;4.13.0&amp;apos;, revision: &amp;apos;ba948ece5b*&amp;apos;
System info: os.name: &amp;apos;Windows 11&amp;apos;, os.arch: &amp;apos;amd64&amp;apos;, os.version: &amp;apos;10.0&amp;apos;, java.version: &amp;apos;17.0.7&amp;apos;
Driver info: org.openqa.selenium.chrome.ChromeDriver
Command: [bd6ba14f4ef50234eaf92dd26d9ebc0f, clickElement {id=9696741D5005AA3213F844177E37E675_element_120}]
Capabilities {acceptInsecureCerts: false, browserName: chrome, browserVersion: 117.0.5938.149, chrome: {chromedriverVersion: 117.0.5938.149 (e3344ddefa1..., userDataDir: C:\Users\chowd\AppData\Loca...}, fedcm:accounts: true, goog:chromeOptions: {debuggerAddress: localhost:55479}, networkConnectionEnabled: false, pageLoadStrategy: eager, platformName: windows, proxy: Proxy(), se:cdp: ws://localhost:55479/devtoo..., se:cdpVersion: 117.0.5938.149, setWindowRect: true, strictFileInteractability: false, timeouts: {implicit: 0, pageLoad: 300000, script: 30000}, unhandledPromptBehavior: dismiss and notify, webauthn:extension:credBlob: true, webauthn:extension:largeBlob: true, webauthn:extension:minPinLength: true, webauthn:extension:prf: true, webauthn:virtualAuthenticators: true}
Element: [[ChromeDriver: chrome on windows (bd6ba14f4ef50234eaf92dd26d9ebc0f)] -&amp;gt; css selector: a.rd_logout]
Session ID: bd6ba14f4ef50234eaf92dd26d9ebc0f">
      <![CDATA[org.openqa.selenium.ElementClickInterceptedException: element click intercepted: Element <a onclick="javascript:void(0)" class="rd_logout">...</a> is not clickable at point (1561, 28). Other element would receive the click: <div id="sright2div" style="text-align:center;width:160px;overflow:hidden; background:#fff; height:calc(100vh - 20px)">...</div>
  (Session info: chrome=117.0.5938.149)
Build info: version: '4.13.0', revision: 'ba948ece5b*'
System info: os.name: 'Windows 11', os.arch: 'amd64', os.version: '10.0', java.version: '17.0.7'
Driver info: org.openqa.selenium.chrome.ChromeDriver
Command: [bd6ba14f4ef50234eaf92dd26d9ebc0f, clickElement {id=9696741D5005AA3213F844177E37E675_element_120}]
Capabilities {acceptInsecureCerts: false, browserName: chrome, browserVersion: 117.0.5938.149, chrome: {chromedriverVersion: 117.0.5938.149 (e3344ddefa1..., userDataDir: C:\Users\chowd\AppData\Loca...}, fedcm:accounts: true, goog:chromeOptions: {debuggerAddress: localhost:55479}, networkConnectionEnabled: false, pageLoadStrategy: eager, platformName: windows, proxy: Proxy(), se:cdp: ws://localhost:55479/devtoo..., se:cdpVersion: 117.0.5938.149, setWindowRect: true, strictFileInteractability: false, timeouts: {implicit: 0, pageLoad: 300000, script: 30000}, unhandledPromptBehavior: dismiss and notify, webauthn:extension:credBlob: true, webauthn:extension:largeBlob: true, webauthn:extension:minPinLength: true, webauthn:extension:prf: true, webauthn:virtualAuthenticators: true}
Element: [[ChromeDriver: chrome on windows (bd6ba14f4ef50234eaf92dd26d9ebc0f)] -> css selector: a.rd_logout]
Session ID: bd6ba14f4ef50234eaf92dd26d9ebc0f
at org.openqa.selenium.remote.codec.w3c.W3CHttpResponseCodec.createException(W3CHttpResponseCodec.java:200)
at org.openqa.selenium.remote.codec.w3c.W3CHttpResponseCodec.decode(W3CHttpResponseCodec.java:133)
at org.openqa.selenium.remote.codec.w3c.W3CHttpResponseCodec.decode(W3CHttpResponseCodec.java:52)
at org.openqa.selenium.remote.HttpCommandExecutor.execute(HttpCommandExecutor.java:191)
at org.openqa.selenium.remote.service.DriverCommandExecutor.invokeExecute(DriverCommandExecutor.java:196)
at org.openqa.selenium.remote.service.DriverCommandExecutor.execute(DriverCommandExecutor.java:171)
at org.openqa.selenium.remote.RemoteWebDriver.execute(RemoteWebDriver.java:602)
at org.openqa.selenium.remote.RemoteWebElement.execute(RemoteWebElement.java:224)
at org.openqa.selenium.remote.RemoteWebElement.click(RemoteWebElement.java:77)
at org.openqa.selenium.support.pagefactory.internal.LocatingElementHandler.invoke(LocatingElementHandler.java:51)
at jdk.proxy2/jdk.proxy2.$Proxy13.click(Unknown Source)
at com.qa.hybridpractice.pages.HP_LogOutPageTest.clickOnLogOutButton(HP_LogOutPageTest.java:46)
at com.qa.hybridpractice.testcases.HybridPractice_LogOutTest.signOutMessageIsDisplayed(HybridPractice_LogOutTest.java:38)
at java.base/java.util.ArrayList.forEach(ArrayList.java:1511)
... Removed 40 stack frames]]>
    </failure>
  </testcase> <!-- signOutMessageIsDisplayed -->
  <testcase classname="com.qa.hybridpractice.testcases.HybridPractice_LandingTest" name="validateTitleAndCurrentUrl" time="0.025"/>
  <testcase classname="com.qa.hybridpractice.testcases.HybridPractice_LandingTest" name="signInButtonIsDisplayedAndEnabled" time="0.081"/>
  <testcase classname="com.qa.hybridpractice.testcases.HybridPractice_LandingTest" name="rediffLogoIsDisplayed" time="0.034"/>
  <testcase classname="com.qa.hybridpractice.testcases.HybridPractice_SignInLinkTest" name="clickOnSignInLink" time="1.954"/>
  <testcase classname="com.qa.hybridpractice.testcases.HybridPractice_LoginTests" name="logInWithValidCredentialsUsingDataProvider" time="5.744"/>
  <testcase classname="com.qa.hybridpractice.testcases.HybridPractice_LoginTests" name="logInWithValidCredentialsUsingDataProvider" time="4.351"/>
  <testcase classname="com.qa.hybridpractice.testcases.HybridPractice_LoginTests" name="logInWithValidCredentialsUsingDataProvider" time="3.246"/>
  <testcase classname="com.qa.hybridpractice.testcases.HybridPractice_LoginTests" name="logInWithValidCredentialsUsingDataProvider" time="5.312"/>
  <testcase classname="com.qa.hybridpractice.testcases.HybridPractice_LoginTests" name="logInWithValidCredentialsUsingDataProvider" time="5.661"/>
  <testcase classname="com.qa.hybridpractice.testcases.HybridPractice_LoginTests" name="logInWithValidCredentialsUsingDataProviderExcelSheet" time="5.136"/>
  <testcase classname="com.qa.hybridpractice.testcases.HybridPractice_LoginTests" name="logInWithValidCredentialsUsingDataProviderExcelSheet" time="3.318"/>
  <testcase classname="com.qa.hybridpractice.testcases.HybridPractice_LoginTests" name="logInWithValidCredentialsUsingDataProviderExcelSheet" time="3.168"/>
  <testcase classname="com.qa.hybridpractice.testcases.HybridPractice_LoginTests" name="logInWithValidCredentialsUsingDataProviderExcelSheet" time="6.501"/>
  <testcase classname="com.qa.hybridpractice.testcases.HybridPractice_LoginTests" name="logInWithValidCredentialsUsingDataProviderExcelSheet" time="6.624"/>
  <testcase classname="com.qa.hybridpractice.testcases.HybridPractice_LoginTests" name="logInWithInvalidCredentials" time="0.629"/>
  <testcase classname="com.qa.hybridpractice.testcases.HybridPractice_LoginTests" name="loginWithValidUsernameInvalidPassword" time="0.589"/>
  <testcase classname="com.qa.hybridpractice.testcases.HybridPractice_LoginTests" name="logInWithInvalidUsernameValidPassword" time="0.573"/>
  <testcase classname="com.qa.hybridpractice.testcases.HybridPractice_LoginTests" name="logInWithNotCredentials" time="0.142"/>
  <testcase classname="com.qa.hybridpractice.testcases.HybridPractice_InboxTest" name="presenceOfInboxButton" time="4.085"/>
  <testcase classname="com.qa.hybridpractice.testcases.HybridPractice_HomeTest" name="presenceOfRediffLogo" time="0.0">
    <skipped/>
  </testcase> <!-- presenceOfRediffLogo -->
  <testcase classname="com.qa.hybridpractice.testcases.HybridPractice_LinkTests" name="linkTests" time="10.772"/>
</testsuite> <!-- Rediff Hybrid Practice Testcases -->
